{"numFailedTestSuites":5,"numFailedTests":5,"numPassedTestSuites":11,"numPassedTests":12,"numPendingTestSuites":0,"numPendingTests":0,"numRuntimeErrorTestSuites":0,"numTodoTests":0,"numTotalTestSuites":16,"numTotalTests":17,"openHandles":[],"snapshot":{"added":0,"didUpdate":false,"failure":false,"filesAdded":0,"filesRemoved":0,"filesRemovedList":[],"filesUnmatched":0,"filesUpdated":0,"matched":0,"total":0,"unchecked":0,"uncheckedKeysByFile":[],"unmatched":0,"updated":0},"startTime":1771219453224,"success":false,"testResults":[{"assertionResults":[{"ancestorTitles":["CategoryHeader Component"],"duration":62,"failing":false,"failureDetails":[{"name":"TestingLibraryElementError"}],"failureMessages":["TestingLibraryElementError: Unable to find an element with the text: /men/i. This could be because the text is broken up by multiple elements. In this case, you can provide a function for your text matcher to make your matcher more flexible.\n\nIgnored nodes: comments, script, style\n\u001b[36m<body>\u001b[39m\n  \u001b[36m<div />\u001b[39m\n\u001b[36m</body>\u001b[39m\n    at Object.getElementError (D:\\mk_projects\\StyleNest\\frontend\\node_modules\\@testing-library\\dom\\dist\\config.js:37:19)\n    at D:\\mk_projects\\StyleNest\\frontend\\node_modules\\@testing-library\\dom\\dist\\query-helpers.js:76:38\n    at D:\\mk_projects\\StyleNest\\frontend\\node_modules\\@testing-library\\dom\\dist\\query-helpers.js:52:17\n    at D:\\mk_projects\\StyleNest\\frontend\\node_modules\\@testing-library\\dom\\dist\\query-helpers.js:95:19\n    at Object.getByText (D:\\mk_projects\\StyleNest\\frontend\\src\\components\\product\\tests\\CategoryHeader.test.js:13:23)\n    at Promise.finally.completed (D:\\mk_projects\\StyleNest\\frontend\\node_modules\\jest-circus\\build\\jestAdapterInit.js:1557:28)\n    at new Promise (<anonymous>)\n    at callAsyncCircusFn (D:\\mk_projects\\StyleNest\\frontend\\node_modules\\jest-circus\\build\\jestAdapterInit.js:1497:10)\n    at _callCircusTest (D:\\mk_projects\\StyleNest\\frontend\\node_modules\\jest-circus\\build\\jestAdapterInit.js:1007:40)\n    at processTicksAndRejections (node:internal/process/task_queues:105:5)\n    at _runTest (D:\\mk_projects\\StyleNest\\frontend\\node_modules\\jest-circus\\build\\jestAdapterInit.js:947:3)\n    at D:\\mk_projects\\StyleNest\\frontend\\node_modules\\jest-circus\\build\\jestAdapterInit.js:849:7\n    at _runTestsForDescribeBlock (D:\\mk_projects\\StyleNest\\frontend\\node_modules\\jest-circus\\build\\jestAdapterInit.js:862:11)\n    at _runTestsForDescribeBlock (D:\\mk_projects\\StyleNest\\frontend\\node_modules\\jest-circus\\build\\jestAdapterInit.js:857:11)\n    at run (D:\\mk_projects\\StyleNest\\frontend\\node_modules\\jest-circus\\build\\jestAdapterInit.js:761:3)\n    at runAndTransformResultsToJestFormat (D:\\mk_projects\\StyleNest\\frontend\\node_modules\\jest-circus\\build\\jestAdapterInit.js:1918:21)\n    at jestAdapter (D:\\mk_projects\\StyleNest\\frontend\\node_modules\\jest-circus\\build\\runner.js:101:19)\n    at runTestInternal (D:\\mk_projects\\StyleNest\\frontend\\node_modules\\jest-runner\\build\\testWorker.js:275:16)\n    at runTest (D:\\mk_projects\\StyleNest\\frontend\\node_modules\\jest-runner\\build\\testWorker.js:343:7)\n    at Object.worker (D:\\mk_projects\\StyleNest\\frontend\\node_modules\\jest-runner\\build\\testWorker.js:497:12)"],"fullName":"CategoryHeader Component renders category title","invocations":1,"location":null,"numPassingAsserts":0,"retryReasons":[],"startAt":1771219455505,"status":"failed","title":"renders category title"}],"endTime":1771219455599,"message":"  ● CategoryHeader Component › renders category title\n\n    TestingLibraryElementError: Unable to find an element with the text: /men/i. This could be because the text is broken up by multiple elements. In this case, you can provide a function for your text matcher to make your matcher more flexible.\n\n    Ignored nodes: comments, script, style\n    \u001b[36m<body>\u001b[39m\n      \u001b[36m<div />\u001b[39m\n    \u001b[36m</body>\u001b[39m\n\n    \u001b[0m \u001b[90m 11 |\u001b[39m     it(\u001b[32m'renders category title'\u001b[39m\u001b[33m,\u001b[39m () \u001b[33m=>\u001b[39m {\n     \u001b[90m 12 |\u001b[39m         render(\u001b[33m<\u001b[39m\u001b[33mCategoryHeader\u001b[39m category\u001b[33m=\u001b[39m\u001b[32m\"men\"\u001b[39m count\u001b[33m=\u001b[39m{\u001b[35m10\u001b[39m} \u001b[33m/\u001b[39m\u001b[33m>\u001b[39m)\u001b[33m;\u001b[39m\n    \u001b[31m\u001b[1m>\u001b[22m\u001b[39m\u001b[90m 13 |\u001b[39m         expect(screen\u001b[33m.\u001b[39mgetByText(\u001b[35m/men/i\u001b[39m))\u001b[33m.\u001b[39mtoBeInTheDocument()\u001b[33m;\u001b[39m\n     \u001b[90m    |\u001b[39m                       \u001b[31m\u001b[1m^\u001b[22m\u001b[39m\n     \u001b[90m 14 |\u001b[39m     })\u001b[33m;\u001b[39m\n     \u001b[90m 15 |\u001b[39m })\u001b[33m;\u001b[39m\n     \u001b[90m 16 |\u001b[39m\u001b[0m\n\n      at Object.getElementError (node_modules/@testing-library/dom/dist/config.js:37:19)\n      at node_modules/@testing-library/dom/dist/query-helpers.js:76:38\n      at node_modules/@testing-library/dom/dist/query-helpers.js:52:17\n      at node_modules/@testing-library/dom/dist/query-helpers.js:95:19\n      at Object.getByText (src/components/product/tests/CategoryHeader.test.js:13:23)\n","name":"D:\\mk_projects\\StyleNest\\frontend\\src\\components\\product\\tests\\CategoryHeader.test.js","startTime":1771219454654,"status":"failed","summary":""},{"assertionResults":[{"ancestorTitles":["FeaturedSection Component"],"duration":80,"failing":false,"failureDetails":[],"failureMessages":[],"fullName":"FeaturedSection Component renders featured header when products exist","invocations":1,"location":null,"numPassingAsserts":2,"retryReasons":[],"startAt":1771219455651,"status":"passed","title":"renders featured header when products exist"}],"endTime":1771219455733,"message":"","name":"D:\\mk_projects\\StyleNest\\frontend\\src\\components\\home\\tests\\FeaturedSection.test.js","startTime":1771219454739,"status":"passed","summary":""},{"assertionResults":[{"ancestorTitles":["WomenLandingPage"],"duration":155,"failing":false,"failureDetails":[],"failureMessages":[],"fullName":"WomenLandingPage renders landing page content","invocations":1,"location":null,"numPassingAsserts":2,"retryReasons":[],"startAt":1771219455582,"status":"passed","title":"renders landing page content"}],"endTime":1771219455739,"message":"","name":"D:\\mk_projects\\StyleNest\\frontend\\src\\components\\women\\tests\\WomenLandingPage.test.js","startTime":1771219454677,"status":"passed","summary":""},{"assertionResults":[{"ancestorTitles":["ProductCard Component"],"duration":116,"failing":false,"failureDetails":[],"failureMessages":[],"fullName":"ProductCard Component renders product information","invocations":1,"location":null,"numPassingAsserts":2,"retryReasons":[],"startAt":1771219455640,"status":"passed","title":"renders product information"}],"endTime":1771219455772,"message":"","name":"D:\\mk_projects\\StyleNest\\frontend\\src\\components\\product\\tests\\ProductCard.test.js","startTime":1771219454688,"status":"passed","summary":""},{"assertionResults":[{"ancestorTitles":["Footer Component"],"duration":110,"failing":false,"failureDetails":[{"name":"TestingLibraryElementError"}],"failureMessages":["TestingLibraryElementError: Found multiple elements with the text: /Trendora/i\n\nHere are the matching elements:\n\nIgnored nodes: comments, script, style\n\u001b[36m<p\u001b[39m\n  \u001b[33mclass\u001b[39m=\u001b[32m\"text-sm text-gray-500 font-medium\"\u001b[39m\n\u001b[36m>\u001b[39m\n  \u001b[0mJoin the Trendora inner circle for exclusive access to launches and private sales.\u001b[0m\n\u001b[36m</p>\u001b[39m\n\nIgnored nodes: comments, script, style\n\u001b[36m<p\u001b[39m\n  \u001b[33mclass\u001b[39m=\u001b[32m\"text-[10px] font-black text-gray-700 uppercase tracking-widest\"\u001b[39m\n\u001b[36m>\u001b[39m\n  \u001b[0m© 2026 TRENDORA HOUSE\u001b[0m\n\u001b[36m</p>\u001b[39m\n\n(If this is intentional, then use the `*AllBy*` variant of the query (like `queryAllByText`, `getAllByText`, or `findAllByText`)).\n\nIgnored nodes: comments, script, style\n\u001b[36m<body>\u001b[39m\n  \u001b[36m<div>\u001b[39m\n    \u001b[36m<footer\u001b[39m\n      \u001b[33mclass\u001b[39m=\u001b[32m\"bg-black text-white py-24 overflow-hidden border-t-8 border-pink-500\"\u001b[39m\n    \u001b[36m>\u001b[39m\n      \u001b[36m<div\u001b[39m\n        \u001b[33mclass\u001b[39m=\u001b[32m\"max-w-7xl mx-auto px-4 sm:px-6 lg:px-8\"\u001b[39m\n      \u001b[36m>\u001b[39m\n        \u001b[36m<div\u001b[39m\n          \u001b[33mclass\u001b[39m=\u001b[32m\"grid grid-cols-1 md:grid-cols-2 lg:grid-cols-4 gap-16 md:gap-24 mb-20\"\u001b[39m\n        \u001b[36m>\u001b[39m\n          \u001b[36m<div\u001b[39m\n            \u001b[33mclass\u001b[39m=\u001b[32m\"space-y-8 col-span-1 lg:col-span-1\"\u001b[39m\n          \u001b[36m>\u001b[39m\n            \u001b[36m<a\u001b[39m\n              \u001b[33mhref\u001b[39m=\u001b[32m\"/\"\u001b[39m\n            \u001b[36m>\u001b[39m\n              \u001b[36m<img\u001b[39m\n                \u001b[33malt\u001b[39m=\u001b[32m\"Trendora\"\u001b[39m\n                \u001b[33mclass\u001b[39m=\u001b[32m\"h-[52px] w-auto invert brightness-0 invert\"\u001b[39m\n                \u001b[33mdata-nimg\u001b[39m=\u001b[32m\"1\"\u001b[39m\n                \u001b[33mdecoding\u001b[39m=\u001b[32m\"async\"\u001b[39m\n                \u001b[33mheight\u001b[39m=\u001b[32m\"78\"\u001b[39m\n                \u001b[33mloading\u001b[39m=\u001b[32m\"lazy\"\u001b[39m\n                \u001b[33msrc\u001b[39m=\u001b[32m\"/logo.svg\"\u001b[39m\n                \u001b[33mstyle\u001b[39m=\u001b[32m\"color: transparent;\"\u001b[39m\n                \u001b[33mwidth\u001b[39m=\u001b[32m\"234\"\u001b[39m\n              \u001b[36m/>\u001b[39m\n            \u001b[36m</a>\u001b[39m\n            \u001b[36m<p\u001b[39m\n              \u001b[33mclass\u001b[39m=\u001b[32m\"text-gray-500 text-sm font-medium leading-relaxed max-w-xs italic border-l-2 border-pink-500/30 pl-6\"\u001b[39m\n            \u001b[36m>\u001b[39m\n              \u001b[0mRedefining the digital shopping experience through curated masterpieces and timeless fashion.\u001b[0m\n            \u001b[36m</p>\u001b[39m\n            \u001b[36m<div\u001b[39m\n              \u001b[33mclass\u001b[39m=\u001b[32m\"flex gap-6 pt-4\"\u001b[39m\n            \u001b[36m>\u001b[39m\n              \u001b[36m<a\u001b[39m\n                \u001b[33mhref\u001b[39m=\u001b[32m\"#\"\u001b[39m\n              \u001b[36m>\u001b[39m\n                \u001b[36m<svg\u001b[39m\n                  \u001b[33maria-hidden\u001b[39m=\u001b[32m\"true\"\u001b[39m\n                  \u001b[33mclass\u001b[39m=\u001b[32m\"lucide lucide-instagram w-4 h-4\"\u001b[39m\n                  \u001b[33mfill\u001b[39m=\u001b[32m\"none\"\u001b[39m\n                  \u001b[33mheight\u001b[39m=\u001b[32m\"24\"\u001b[39m\n                  \u001b[33mstroke\u001b[39m=\u001b[32m\"currentColor\"\u001b[39m\n                  \u001b[33mstroke-linecap\u001b[39m=\u001b[32m\"round\"\u001b[39m\n                  \u001b[33mstroke-linejoin\u001b[39m=\u001b[32m\"round\"\u001b[39m\n                  \u001b[33mstroke-width\u001b[39m=\u001b[32m\"2\"\u001b[39m\n                  \u001b[33mviewBox\u001b[39m=\u001b[32m\"0 0 24 24\"\u001b[39m\n                  \u001b[33mwidth\u001b[39m=\u001b[32m\"24\"\u001b[39m\n                  \u001b[33mxmlns\u001b[39m=\u001b[32m\"http://www.w3.org/2000/svg\"\u001b[39m\n                \u001b[36m>\u001b[39m\n                  \u001b[36m<rect\u001b[39m\n                    \u001b[33mheight\u001b[39m=\u001b[32m\"20\"\u001b[39m\n                    \u001b[33mrx\u001b[39m=\u001b[32m\"5\"\u001b[39m\n                    \u001b[33mry\u001b[39m=\u001b[32m\"5\"\u001b[39m\n                    \u001b[33mwidth\u001b[39m=\u001b[32m\"20\"\u001b[39m\n                    \u001b[33mx\u001b[39m=\u001b[32m\"2\"\u001b[39m\n                    \u001b[33my\u001b[39m=\u001b[32m\"2\"\u001b[39m\n                  \u001b[36m/>\u001b[39m\n                  \u001b[36m<path\u001b[39m\n                    \u001b[33md\u001b[39m=\u001b[32m\"M16 11.37A4 4 0 1 1 12.63 8 4 4 0 0 1 16 11.37z\"\u001b[39m\n                  \u001b[36m/>\u001b[39m\n                  \u001b[36m<line\u001b[39m\n                    \u001b[33mx1\u001b[39m=\u001b[32m\"17.5\"\u001b[39m\n                    \u001b[33mx2\u001b[39m=\u001b[32m\"17.51\"\u001b[39m\n                    \u001b[33my1\u001b[39m=\u001b[32m\"6.5\"\u001b[39m\n                    \u001b[33my2\u001b[39m=\u001b[32m\"6.5\"\u001b[39m\n                  \u001b[36m/>\u001b[39m\n                \u001b[36m</svg>\u001b[39m\n              \u001b[36m</a>\u001b[39m\n              \u001b[36m<a\u001b[39m\n                \u001b[33mhref\u001b[39m=\u001b[32m\"#\"\u001b[39m\n              \u001b[36m>\u001b[39m\n                \u001b[36m<svg\u001b[39m\n                  \u001b[33maria-hidden\u001b[39m=\u001b[32m\"true\"\u001b[39m\n                  \u001b[33mclass\u001b[39m=\u001b[32m\"lucide lucide-twitter w-4 h-4\"\u001b[39m\n                  \u001b[33mfill\u001b[39m=\u001b[32m\"none\"\u001b[39m\n                  \u001b[33mheight\u001b[39m=\u001b[32m\"24\"\u001b[39m\n                  \u001b[33mstroke\u001b[39m=\u001b[32m\"currentColor\"\u001b[39m\n                  \u001b[33mstroke-linecap\u001b[39m=\u001b[32m\"round\"\u001b[39m\n                  \u001b[33mstroke-linejoin\u001b[39m=\u001b[32m\"round\"\u001b[39m\n                  \u001b[33mstroke-width\u001b[39m=\u001b[32m\"2\"\u001b[39m\n                  \u001b[33mviewBox\u001b[39m=\u001b[32m\"0 0 24 24\"\u001b[39m\n                  \u001b[33mwidth\u001b[39m=\u001b[32m\"24\"\u001b[39m\n                  \u001b[33mxmlns\u001b[39m=\u001b[32m\"http://www.w3.org/2000/svg\"\u001b[39m\n                \u001b[36m>\u001b[39m\n                  \u001b[36m<path\u001b[39m\n                    \u001b[33md\u001b[39m=\u001b[32m\"M22 4s-.7 2.1-2 3.4c1.6 10-9.4 17.3-18 11.6 2.2.1 4.4-.6 6-2C3 15.5.5 9.6 3 5c2.2 2.6 5.6 4.1 9 4-.9-4.2 4-6.6 7-3.8 1.1 0 3-1.2 3-1.2z\"\u001b[39m\n                  \u001b[36m/>\u001b[39m\n                \u001b[36m</svg>\u001b[39m\n              \u001b[36m</a>\u001b[39m\n              \u001b[36m<a\u001b[39m\n                \u001b[33mhref\u001b[39m=\u001b[32m\"#\"\u001b[39m\n              \u001b[36m>\u001b[39m\n                \u001b[36m<svg\u001b[39m\n                  \u001b[33maria-hidden\u001b[39m=\u001b[32m\"true\"\u001b[39m\n                  \u001b[33mclass\u001b[39m=\u001b[32m\"lucide lucide-facebook w-4 h-4\"\u001b[39m\n                  \u001b[33mfill\u001b[39m=\u001b[32m\"none\"\u001b[39m\n                  \u001b[33mheight\u001b[39m=\u001b[32m\"24\"\u001b[39m\n                  \u001b[33mstroke\u001b[39m=\u001b[32m\"currentColor\"\u001b[39m\n                  \u001b[33mstroke-linecap\u001b[39m=\u001b[32m\"round\"\u001b[39m\n                  \u001b[33mstroke-linejoin\u001b[39m=\u001b[32m\"round\"\u001b[39m\n                  \u001b[33mstroke-width\u001b[39m=\u001b[32m\"2\"\u001b[39m\n                  \u001b[33mviewBox\u001b[39m=\u001b[32m\"0 0 24 24\"\u001b[39m\n                  \u001b[33mwidth\u001b[39m=\u001b[32m\"24\"\u001b[39m\n                  \u001b[33mxmlns\u001b[39m=\u001b[32m\"http://www.w3.org/2000/svg\"\u001b[39m\n                \u001b[36m>\u001b[39m\n                  \u001b[36m<path\u001b[39m\n                    \u001b[33md\u001b[39m=\u001b[32m\"M18 2h-3a5 5 0 0 0-5 5v3H7v4h3v8h4v-8h3l1-4h-4V7a1 1 0 0 1 1-1h3z\"\u001b[39m\n                  \u001b[36m/>\u001b[39m\n                \u001b[36m</svg>\u001b[39m\n              \u001b[36m</a>\u001b[39m\n            \u001b[36m</div>\u001b[39m\n          \u001b[36m</div>\u001b[39m\n          \u001b[36m<div\u001b[39m\n            \u001b[33mclass\u001b[39m=\u001b[32m\"grid grid-cols-2 gap-8 col-span-1 lg:col-span-2\"\u001b[39m\n          \u001b[36m>\u001b[39m\n            \u001b[36m<div\u001b[39m\n              \u001b[33mclass\u001b[39m=\u001b[32m\"space-y-8\"\u001b[39m\n            \u001b[36m>\u001b[39m\n              \u001b[36m<h3\u001b[39m\n                \u001b[33mclass\u001b[39m=\u001b[32m\"text-[10px] font-black uppercase tracking-[0.4em] text-pink-500\"\u001b[39m\n              \u001b[36m>\u001b[39m\n                \u001b[0mCollections\u001b[0m\n              \u001b[36m</h3>\u001b[39m\n              \u001b[36m<ul\u001b[39m\n                \u001b[33mclass\u001b[39m=\u001b[32m\"space-y-4\"\u001b[39m\n              \u001b[36m>\u001b[39m\n                \u001b[36m<li>\u001b[39m\n                  \u001b[36m<a\u001b[39m\n                    \u001b[33mhref\u001b[39m=\u001b[32m\"/products?category=men\"\u001b[39m\n                  \u001b[36m>\u001b[39m\n                    \u001b[0mMen\u001b[0m\n                  \u001b[36m</a>\u001b[39m\n                \u001b[36m</li>\u001b[39m\n                \u001b[36m<li>\u001b[39m\n                  \u001b[36m<a\u001b[39m\n                    \u001b[33mhref\u001b[39m=\u001b[32m\"/products?category=women\"\u001b[39m\n                  \u001b[36m>\u001b[39m\n                    \u001b[0mWomen\u001b[0m\n                  \u001b[36m</a>\u001b[39m\n                \u001b[36m</li>\u001b[39m\n                \u001b[36m<li>\u001b[39m\n                  \u001b[36m<a\u001b[39m\n                    \u001b[33mhref\u001b[39m=\u001b[32m\"/products?category=kids\"\u001b[39m\n                  \u001b[36m>\u001b[39m\n                    \u001b[0mKids\u001b[0m\n                  \u001b[36m</a>\u001b[39m\n                \u001b[36m</li>\u001b[39m\n                \u001b[36m<li>\u001b[39m\n                  \u001b[36m<a\u001b[39m\n                    \u001b[33mhref\u001b[39m=\u001b[32m\"/products?category=new arrivals\"\u001b[39m\n                  \u001b[36m>\u001b[39m\n                    \u001b[0mNew Arrivals\u001b[0m\n                  \u001b[36m</a>\u001b[39m\n                \u001b[36m</li>\u001b[39m\n                \u001b[36m<li>\u001b[39m\n                  \u001b[36m<a\u001b[39m\n                    \u001b[33mhref\u001b[39m=\u001b[32m\"/products?category=signature series\"\u001b[39m\n                  \u001b[36m>\u001b[39m\n                    \u001b[0mSignature Series\u001b[0m\n                  \u001b[36m</a>\u001b[39m\n                \u001b[36m</li>\u001b[39m\n              \u001b[36m</ul>\u001b[39m\n            \u001b[36m</div>\u001b[39m\n            \u001b[36m<div\u001b[39m\n              \u001b[33mclass\u001b[39m=\u001b[32m\"space-y-8\"\u001b[39m\n            \u001b[36m>\u001b[39m\n              \u001b[36m<h3\u001b[39m\n                \u001b[33mclass\u001b[39m=\u001b[32m\"text-[10px] font-black uppercase tracking-[0.4em] text-pink-500\"\u001b[39m\n              \u001b[36m>\u001b[39m\n                \u001b[0mThe House\u001b[0m\n              \u001b[36m</h3>\u001b[39m\n              \u001b[36m<ul\u001b[39m\n                \u001b[33mclass\u001b[39m=\u001b[32m\"space-y-4\"\u001b[39m\n              \u001b[36m>\u001b[39m\n                \u001b[36m<li>\u001b[39m\n                  \u001b[36m<a\u001b[39m\n                    \u001b[33mhref\u001b[39m=\u001b[32m\"#\"\u001b[39m\n                  \u001b[36m>\u001b[39m\n                    \u001b[0mAbout the Brand\u001b[0m\n                  \u001b[36m</a>\u001b[39m\n                \u001b[36m</li>\u001b[39m\n                \u001b[36m<li>\u001b[39m\n                  \u001b[36m<a\u001b[39m\n                    \u001b[33mhref\u001b[39m=\u001b[32m\"#\"\u001b[39m\n                  \u001b[36m>\u001b[39m\n                    \u001b[0mOur Artisans\u001b[0m\n                  \u001b[36m</a>\u001b[39m\n                \u001b[36m</li>\u001b[39m\n                \u001b[36m<li>\u001b[39m\n                  \u001b[36m<a\u001b[39m\n                    \u001b[33mhref\u001b[39m=\u001b[32m\"#\"\u001b[39m\n                  \u001b[36m>\u001b[39m\n                    \u001b[0mSustainability\u001b[0m\n                  \u001b[36m</a>\u001b[39m\n                \u001b[36m</li>\u001b[39m\n                \u001b[36m<li>\u001b[39m\n                  \u001b[36m<a\u001b[39m\n                    \u001b[33mhref\u001b[39m=\u001b[32m\"#\"\u001b[39m\n                  \u001b[36m>\u001b[39m\n                    \u001b[0mGlobal Flagships\u001b[0m\n                  \u001b[36m</a>\u001b[39m\n                \u001b[36m</li>\u001b[39m\n                \u001b[36m<li>\u001b[39m\n                  \u001b[36m<a\u001b[39m\n                    \u001b[33mhref\u001b[39m=\u001b[32m\"#\"\u001b[39m\n                  \u001b[36m>\u001b[39m\n                    \u001b[0mContact House\u001b[0m\n                  \u001b[36m</a>\u001b[39m\n                \u001b[36m</li>\u001b[39m\n              \u001b[36m</ul>\u001b[39m\n            \u001b[36m</div>\u001b[39m\n          \u001b[36m</div>\u001b[39m\n          \u001b[36m<div\u001b[39m\n            \u001b[33mclass\u001b[39m=\u001b[32m\"space-y-8\"\u001b[39m\n          \u001b[36m>\u001b[39m\n            \u001b[36m<h3\u001b[39m\n              \u001b[33mclass\u001b[39m=\u001b[32m\"text-[10px] font-black uppercase tracking-[0.4em] text-pink-500\"\u001b[39m\n            \u001b[36m>\u001b[39m\n              \u001b[0mNewsletter\u001b[0m\n            \u001b[36m</h3>\u001b[39m\n            \u001b[36m<p\u001b[39m\n              \u001b[33mclass\u001b[39m=\u001b[32m\"text-sm text-gray-500 font-medium\"\u001b[39m\n            \u001b[36m>\u001b[39m\n              \u001b[0mJoin the Trendora inner circle for exclusive access to launches and private sales.\u001b[0m\n            \u001b[36m</p>\u001b[39m\n            \u001b[36m<div\u001b[39m\n              \u001b[33mclass\u001b[39m=\u001b[32m\"relative group\"\u001b[39m\n            \u001b[36m>\u001b[39m\n              \u001b[36m<input\u001b[39m\n                \u001b[33mclass\u001b[39m=\u001b[32m\"w-full bg-white/5 border-b border-white/10 py-4 px-0 focus:outline-none focus:border-pink-500 transition-colors text-sm font-bold placeholder:text-gray-700\"\u001b[39m\n                \u001b[33mplaceholder\u001b[39m=\u001b[32m\"Your email address\"\u001b[39m\n                \u001b[33mtype\u001b[39m=\u001b[32m\"email\"\u001b[39m\n              \u001b[36m/>\u001b[39m\n              \u001b[36m<button\u001b[39m\n                \u001b[33mclass\u001b[39m=\u001b[32m\"absolute right-0 top-1/2 -translate-y-1/2 p-2 hover:translate-x-1 transition-all\"\u001b[39m\n              \u001b[36m>\u001b[39m\n                \u001b[36m<svg\u001b[39m\n                  \u001b[33maria-hidden\u001b[39m=\u001b[32m\"true\"\u001b[39m\n                  \u001b[33mclass\u001b[39m=\u001b[32m\"lucide lucide-arrow-right w-4 h-4 text-pink-500\"\u001b[39m\n                  \u001b[33mfill\u001b[39m=\u001b[32m\"none\"\u001b[39m\n                  \u001b[33mheight\u001b[39m=\u001b[32m\"24\"\u001b[39m\n                  \u001b[33mstroke\u001b[39m=\u001b[32m\"currentColor\"\u001b[39m\n                  \u001b[33mstroke-linecap\u001b[39m=\u001b[32m\"round\"\u001b[39m\n                  \u001b[33mstroke-linejoin\u001b[39m=\u001b[32m\"round\"\u001b[39m\n                  \u001b[33mstroke-width\u001b[39m=\u001b[32m\"2\"\u001b[39m\n                  \u001b[33mviewBox\u001b[39m=\u001b[32m\"0 0 24 24\"\u001b[39m\n                  \u001b[33mwidth\u001b[39m=\u001b[32m\"24\"\u001b[39m\n                  \u001b[33mxmlns\u001b[39m=\u001b[32m\"http://www.w3.org/2000/svg\"\u001b[39m\n                \u001b[36m>\u001b[39m\n                  \u001b[36m<path\u001b[39m\n                    \u001b[33md\u001b[39m=\u001b[32m\"M5 12h14\"\u001b[39m\n                  \u001b[36m/>\u001b[39m\n                  \u001b[36m<path\u001b[39m\n                    \u001b[33md\u001b[39m=\u001b[32m\"m12 5 7 7-7 7\"\u001b[39m\n                  \u001b[36m/>\u001b[39m\n                \u001b[36m</svg>\u001b[39m\n              \u001b[36m</button>\u001b[39m\n            \u001b[36m</div>\u001b[39m\n          \u001b[36m</div>\u001b[39m\n        \u001b[36m</div>\u001b[39m\n        \u001b[36m<div\u001b[39m\n          \u001b[33mclass\u001b[39m=\u001b[32m\"pt-12 border-t border-white/5 flex flex-col md:flex-row justify-between items-center gap-8\"\u001b[39m\n        \u001b[36m>\u001b[39m\n          \u001b[36m<div\u001b[39m\n            \u001b[33mclass\u001b[39m=\u001b[32m\"flex flex-wrap justify-center gap-x-8 gap-y-4\"\u001b[39m\n          \u001b[36m>\u001b[39m\n            \u001b[36m<p\u001b[39m\n              \u001b[33mclass\u001b[39m=\u001b[32m\"text-[10px] font-black text-gray-700 uppercase tracking-widest\"\u001b[39m\n            \u001b[36m>\u001b[39m\n              \u001b[0m© 2026 TRENDORA HOUSE\u001b[0m\n            \u001b[36m</p>\u001b[39m\n            \u001b[36m<a\u001b[39m\n              \u001b[33mhref\u001b[39m=\u001b[32m\"#\"\u001b[39m\n            \u001b[36m>\u001b[39m\n              \u001b[0mPrivacy Policy\u001b[0m\n            \u001b[36m</a>\u001b[39m\n            \u001b[36m<a\u001b[39m\n              \u001b[33mhref\u001b[39m=\u001b[32m\"#\"\u001b[39m\n            \u001b[36m>\u001b[39m\n              \u001b[0mTerms of Service\u001b[0m\n            \u001b[36m</a>\u001b[39m\n          \u001b[36m</div>\u001b[39m\n          \u001b[36m<div\u001b[39m\n            \u001b[33mclass\u001b[39m=\u001b[32m\"flex items-center gap-4\"\u001b[39m\n          \u001b[36m>\u001b[39m\n            \u001b[36m<div\u001b[39m\n              \u001b[33mclass\u001b[39m=\u001b[32m\"h-[1px] w-8 bg-gray-800\"\u001b[39m\n            \u001b[36m/>\u001b[39m\n            \u001b[36m<p\u001b[39m\n              \u001b[33mclass\u001b[39m=\u001b[32m\"text-[10px] font-black text-gray-800 uppercase tracking-[0.5em]\"\u001b[39m\n            \u001b[36m>\u001b[39m\n              \u001b[0mCrafted for the elite\u001b[0m\n            \u001b[36m</p>\u001b[39m\n          \u001b[36m</div>\u001b[39m\n        \u001b[36m</div>\u001b[39m\n      \u001b[36m</div>\u001b[39m\n    \u001b[36m</footer>\u001b[39m\n  \u001b[36m</div>\u001b[39m\n\u001b[36m</body>\u001b[39m\n    at Object.getElementError (D:\\mk_projects\\StyleNest\\frontend\\node_modules\\@testing-library\\dom\\dist\\config.js:37:19)\n    at getElementError (D:\\mk_projects\\StyleNest\\frontend\\node_modules\\@testing-library\\dom\\dist\\query-helpers.js:20:35)\n    at getMultipleElementsFoundError (D:\\mk_projects\\StyleNest\\frontend\\node_modules\\@testing-library\\dom\\dist\\query-helpers.js:23:10)\n    at D:\\mk_projects\\StyleNest\\frontend\\node_modules\\@testing-library\\dom\\dist\\query-helpers.js:55:13\n    at D:\\mk_projects\\StyleNest\\frontend\\node_modules\\@testing-library\\dom\\dist\\query-helpers.js:95:19\n    at Object.getByText (D:\\mk_projects\\StyleNest\\frontend\\src\\components\\layout\\tests\\Footer.test.js:13:23)\n    at Promise.finally.completed (D:\\mk_projects\\StyleNest\\frontend\\node_modules\\jest-circus\\build\\jestAdapterInit.js:1557:28)\n    at new Promise (<anonymous>)\n    at callAsyncCircusFn (D:\\mk_projects\\StyleNest\\frontend\\node_modules\\jest-circus\\build\\jestAdapterInit.js:1497:10)\n    at _callCircusTest (D:\\mk_projects\\StyleNest\\frontend\\node_modules\\jest-circus\\build\\jestAdapterInit.js:1007:40)\n    at processTicksAndRejections (node:internal/process/task_queues:105:5)\n    at _runTest (D:\\mk_projects\\StyleNest\\frontend\\node_modules\\jest-circus\\build\\jestAdapterInit.js:947:3)\n    at D:\\mk_projects\\StyleNest\\frontend\\node_modules\\jest-circus\\build\\jestAdapterInit.js:849:7\n    at _runTestsForDescribeBlock (D:\\mk_projects\\StyleNest\\frontend\\node_modules\\jest-circus\\build\\jestAdapterInit.js:862:11)\n    at _runTestsForDescribeBlock (D:\\mk_projects\\StyleNest\\frontend\\node_modules\\jest-circus\\build\\jestAdapterInit.js:857:11)\n    at run (D:\\mk_projects\\StyleNest\\frontend\\node_modules\\jest-circus\\build\\jestAdapterInit.js:761:3)\n    at runAndTransformResultsToJestFormat (D:\\mk_projects\\StyleNest\\frontend\\node_modules\\jest-circus\\build\\jestAdapterInit.js:1918:21)\n    at jestAdapter (D:\\mk_projects\\StyleNest\\frontend\\node_modules\\jest-circus\\build\\runner.js:101:19)\n    at runTestInternal (D:\\mk_projects\\StyleNest\\frontend\\node_modules\\jest-runner\\build\\testWorker.js:275:16)\n    at runTest (D:\\mk_projects\\StyleNest\\frontend\\node_modules\\jest-runner\\build\\testWorker.js:343:7)\n    at Object.worker (D:\\mk_projects\\StyleNest\\frontend\\node_modules\\jest-runner\\build\\testWorker.js:497:12)"],"fullName":"Footer Component renders footer brand name","invocations":1,"location":null,"numPassingAsserts":0,"retryReasons":[],"startAt":1771219455651,"status":"failed","title":"renders footer brand name"}],"endTime":1771219455784,"message":"  ● Footer Component › renders footer brand name\n\n    TestingLibraryElementError: Found multiple elements with the text: /Trendora/i\n\n    Here are the matching elements:\n\n    Ignored nodes: comments, script, style\n    \u001b[36m<p\u001b[39m\n      \u001b[33mclass\u001b[39m=\u001b[32m\"text-sm text-gray-500 font-medium\"\u001b[39m\n    \u001b[36m>\u001b[39m\n      \u001b[0mJoin the Trendora inner circle for exclusive access to launches and private sales.\u001b[0m\n    \u001b[36m</p>\u001b[39m\n\n    Ignored nodes: comments, script, style\n    \u001b[36m<p\u001b[39m\n      \u001b[33mclass\u001b[39m=\u001b[32m\"text-[10px] font-black text-gray-700 uppercase tracking-widest\"\u001b[39m\n    \u001b[36m>\u001b[39m\n      \u001b[0m© 2026 TRENDORA HOUSE\u001b[0m\n    \u001b[36m</p>\u001b[39m\n\n    (If this is intentional, then use the `*AllBy*` variant of the query (like `queryAllByText`, `getAllByText`, or `findAllByText`)).\n\n    Ignored nodes: comments, script, style\n    \u001b[36m<body>\u001b[39m\n      \u001b[36m<div>\u001b[39m\n        \u001b[36m<footer\u001b[39m\n          \u001b[33mclass\u001b[39m=\u001b[32m\"bg-black text-white py-24 overflow-hidden border-t-8 border-pink-500\"\u001b[39m\n        \u001b[36m>\u001b[39m\n          \u001b[36m<div\u001b[39m\n            \u001b[33mclass\u001b[39m=\u001b[32m\"max-w-7xl mx-auto px-4 sm:px-6 lg:px-8\"\u001b[39m\n          \u001b[36m>\u001b[39m\n            \u001b[36m<div\u001b[39m\n              \u001b[33mclass\u001b[39m=\u001b[32m\"grid grid-cols-1 md:grid-cols-2 lg:grid-cols-4 gap-16 md:gap-24 mb-20\"\u001b[39m\n            \u001b[36m>\u001b[39m\n              \u001b[36m<div\u001b[39m\n                \u001b[33mclass\u001b[39m=\u001b[32m\"space-y-8 col-span-1 lg:col-span-1\"\u001b[39m\n              \u001b[36m>\u001b[39m\n                \u001b[36m<a\u001b[39m\n                  \u001b[33mhref\u001b[39m=\u001b[32m\"/\"\u001b[39m\n                \u001b[36m>\u001b[39m\n                  \u001b[36m<img\u001b[39m\n                    \u001b[33malt\u001b[39m=\u001b[32m\"Trendora\"\u001b[39m\n                    \u001b[33mclass\u001b[39m=\u001b[32m\"h-[52px] w-auto invert brightness-0 invert\"\u001b[39m\n                    \u001b[33mdata-nimg\u001b[39m=\u001b[32m\"1\"\u001b[39m\n                    \u001b[33mdecoding\u001b[39m=\u001b[32m\"async\"\u001b[39m\n                    \u001b[33mheight\u001b[39m=\u001b[32m\"78\"\u001b[39m\n                    \u001b[33mloading\u001b[39m=\u001b[32m\"lazy\"\u001b[39m\n                    \u001b[33msrc\u001b[39m=\u001b[32m\"/logo.svg\"\u001b[39m\n                    \u001b[33mstyle\u001b[39m=\u001b[32m\"color: transparent;\"\u001b[39m\n                    \u001b[33mwidth\u001b[39m=\u001b[32m\"234\"\u001b[39m\n                  \u001b[36m/>\u001b[39m\n                \u001b[36m</a>\u001b[39m\n                \u001b[36m<p\u001b[39m\n                  \u001b[33mclass\u001b[39m=\u001b[32m\"text-gray-500 text-sm font-medium leading-relaxed max-w-xs italic border-l-2 border-pink-500/30 pl-6\"\u001b[39m\n                \u001b[36m>\u001b[39m\n                  \u001b[0mRedefining the digital shopping experience through curated masterpieces and timeless fashion.\u001b[0m\n                \u001b[36m</p>\u001b[39m\n                \u001b[36m<div\u001b[39m\n                  \u001b[33mclass\u001b[39m=\u001b[32m\"flex gap-6 pt-4\"\u001b[39m\n                \u001b[36m>\u001b[39m\n                  \u001b[36m<a\u001b[39m\n                    \u001b[33mhref\u001b[39m=\u001b[32m\"#\"\u001b[39m\n                  \u001b[36m>\u001b[39m\n                    \u001b[36m<svg\u001b[39m\n                      \u001b[33maria-hidden\u001b[39m=\u001b[32m\"true\"\u001b[39m\n                      \u001b[33mclass\u001b[39m=\u001b[32m\"lucide lucide-instagram w-4 h-4\"\u001b[39m\n                      \u001b[33mfill\u001b[39m=\u001b[32m\"none\"\u001b[39m\n                      \u001b[33mheight\u001b[39m=\u001b[32m\"24\"\u001b[39m\n                      \u001b[33mstroke\u001b[39m=\u001b[32m\"currentColor\"\u001b[39m\n                      \u001b[33mstroke-linecap\u001b[39m=\u001b[32m\"round\"\u001b[39m\n                      \u001b[33mstroke-linejoin\u001b[39m=\u001b[32m\"round\"\u001b[39m\n                      \u001b[33mstroke-width\u001b[39m=\u001b[32m\"2\"\u001b[39m\n                      \u001b[33mviewBox\u001b[39m=\u001b[32m\"0 0 24 24\"\u001b[39m\n                      \u001b[33mwidth\u001b[39m=\u001b[32m\"24\"\u001b[39m\n                      \u001b[33mxmlns\u001b[39m=\u001b[32m\"http://www.w3.org/2000/svg\"\u001b[39m\n                    \u001b[36m>\u001b[39m\n                      \u001b[36m<rect\u001b[39m\n                        \u001b[33mheight\u001b[39m=\u001b[32m\"20\"\u001b[39m\n                        \u001b[33mrx\u001b[39m=\u001b[32m\"5\"\u001b[39m\n                        \u001b[33mry\u001b[39m=\u001b[32m\"5\"\u001b[39m\n                        \u001b[33mwidth\u001b[39m=\u001b[32m\"20\"\u001b[39m\n                        \u001b[33mx\u001b[39m=\u001b[32m\"2\"\u001b[39m\n                        \u001b[33my\u001b[39m=\u001b[32m\"2\"\u001b[39m\n                      \u001b[36m/>\u001b[39m\n                      \u001b[36m<path\u001b[39m\n                        \u001b[33md\u001b[39m=\u001b[32m\"M16 11.37A4 4 0 1 1 12.63 8 4 4 0 0 1 16 11.37z\"\u001b[39m\n                      \u001b[36m/>\u001b[39m\n                      \u001b[36m<line\u001b[39m\n                        \u001b[33mx1\u001b[39m=\u001b[32m\"17.5\"\u001b[39m\n                        \u001b[33mx2\u001b[39m=\u001b[32m\"17.51\"\u001b[39m\n                        \u001b[33my1\u001b[39m=\u001b[32m\"6.5\"\u001b[39m\n                        \u001b[33my2\u001b[39m=\u001b[32m\"6.5\"\u001b[39m\n                      \u001b[36m/>\u001b[39m\n                    \u001b[36m</svg>\u001b[39m\n                  \u001b[36m</a>\u001b[39m\n                  \u001b[36m<a\u001b[39m\n                    \u001b[33mhref\u001b[39m=\u001b[32m\"#\"\u001b[39m\n                  \u001b[36m>\u001b[39m\n                    \u001b[36m<svg\u001b[39m\n                      \u001b[33maria-hidden\u001b[39m=\u001b[32m\"true\"\u001b[39m\n                      \u001b[33mclass\u001b[39m=\u001b[32m\"lucide lucide-twitter w-4 h-4\"\u001b[39m\n                      \u001b[33mfill\u001b[39m=\u001b[32m\"none\"\u001b[39m\n                      \u001b[33mheight\u001b[39m=\u001b[32m\"24\"\u001b[39m\n                      \u001b[33mstroke\u001b[39m=\u001b[32m\"currentColor\"\u001b[39m\n                      \u001b[33mstroke-linecap\u001b[39m=\u001b[32m\"round\"\u001b[39m\n                      \u001b[33mstroke-linejoin\u001b[39m=\u001b[32m\"round\"\u001b[39m\n                      \u001b[33mstroke-width\u001b[39m=\u001b[32m\"2\"\u001b[39m\n                      \u001b[33mviewBox\u001b[39m=\u001b[32m\"0 0 24 24\"\u001b[39m\n                      \u001b[33mwidth\u001b[39m=\u001b[32m\"24\"\u001b[39m\n                      \u001b[33mxmlns\u001b[39m=\u001b[32m\"http://www.w3.org/2000/svg\"\u001b[39m\n                    \u001b[36m>\u001b[39m\n                      \u001b[36m<path\u001b[39m\n                        \u001b[33md\u001b[39m=\u001b[32m\"M22 4s-.7 2.1-2 3.4c1.6 10-9.4 17.3-18 11.6 2.2.1 4.4-.6 6-2C3 15.5.5 9.6 3 5c2.2 2.6 5.6 4.1 9 4-.9-4.2 4-6.6 7-3.8 1.1 0 3-1.2 3-1.2z\"\u001b[39m\n                      \u001b[36m/>\u001b[39m\n                    \u001b[36m</svg>\u001b[39m\n                  \u001b[36m</a>\u001b[39m\n                  \u001b[36m<a\u001b[39m\n                    \u001b[33mhref\u001b[39m=\u001b[32m\"#\"\u001b[39m\n                  \u001b[36m>\u001b[39m\n                    \u001b[36m<svg\u001b[39m\n                      \u001b[33maria-hidden\u001b[39m=\u001b[32m\"true\"\u001b[39m\n                      \u001b[33mclass\u001b[39m=\u001b[32m\"lucide lucide-facebook w-4 h-4\"\u001b[39m\n                      \u001b[33mfill\u001b[39m=\u001b[32m\"none\"\u001b[39m\n                      \u001b[33mheight\u001b[39m=\u001b[32m\"24\"\u001b[39m\n                      \u001b[33mstroke\u001b[39m=\u001b[32m\"currentColor\"\u001b[39m\n                      \u001b[33mstroke-linecap\u001b[39m=\u001b[32m\"round\"\u001b[39m\n                      \u001b[33mstroke-linejoin\u001b[39m=\u001b[32m\"round\"\u001b[39m\n                      \u001b[33mstroke-width\u001b[39m=\u001b[32m\"2\"\u001b[39m\n                      \u001b[33mviewBox\u001b[39m=\u001b[32m\"0 0 24 24\"\u001b[39m\n                      \u001b[33mwidth\u001b[39m=\u001b[32m\"24\"\u001b[39m\n                      \u001b[33mxmlns\u001b[39m=\u001b[32m\"http://www.w3.org/2000/svg\"\u001b[39m\n                    \u001b[36m>\u001b[39m\n                      \u001b[36m<path\u001b[39m\n                        \u001b[33md\u001b[39m=\u001b[32m\"M18 2h-3a5 5 0 0 0-5 5v3H7v4h3v8h4v-8h3l1-4h-4V7a1 1 0 0 1 1-1h3z\"\u001b[39m\n                      \u001b[36m/>\u001b[39m\n                    \u001b[36m</svg>\u001b[39m\n                  \u001b[36m</a>\u001b[39m\n                \u001b[36m</div>\u001b[39m\n              \u001b[36m</div>\u001b[39m\n              \u001b[36m<div\u001b[39m\n                \u001b[33mclass\u001b[39m=\u001b[32m\"grid grid-cols-2 gap-8 col-span-1 lg:col-span-2\"\u001b[39m\n              \u001b[36m>\u001b[39m\n                \u001b[36m<div\u001b[39m\n                  \u001b[33mclass\u001b[39m=\u001b[32m\"space-y-8\"\u001b[39m\n                \u001b[36m>\u001b[39m\n                  \u001b[36m<h3\u001b[39m\n                    \u001b[33mclass\u001b[39m=\u001b[32m\"text-[10px] font-black uppercase tracking-[0.4em] text-pink-500\"\u001b[39m\n                  \u001b[36m>\u001b[39m\n                    \u001b[0mCollections\u001b[0m\n                  \u001b[36m</h3>\u001b[39m\n                  \u001b[36m<ul\u001b[39m\n                    \u001b[33mclass\u001b[39m=\u001b[32m\"space-y-4\"\u001b[39m\n                  \u001b[36m>\u001b[39m\n                    \u001b[36m<li>\u001b[39m\n                      \u001b[36m<a\u001b[39m\n                        \u001b[33mhref\u001b[39m=\u001b[32m\"/products?category=men\"\u001b[39m\n                      \u001b[36m>\u001b[39m\n                        \u001b[0mMen\u001b[0m\n                      \u001b[36m</a>\u001b[39m\n                    \u001b[36m</li>\u001b[39m\n                    \u001b[36m<li>\u001b[39m\n                      \u001b[36m<a\u001b[39m\n                        \u001b[33mhref\u001b[39m=\u001b[32m\"/products?category=women\"\u001b[39m\n                      \u001b[36m>\u001b[39m\n                        \u001b[0mWomen\u001b[0m\n                      \u001b[36m</a>\u001b[39m\n                    \u001b[36m</li>\u001b[39m\n                    \u001b[36m<li>\u001b[39m\n                      \u001b[36m<a\u001b[39m\n                        \u001b[33mhref\u001b[39m=\u001b[32m\"/products?category=kids\"\u001b[39m\n                      \u001b[36m>\u001b[39m\n                        \u001b[0mKids\u001b[0m\n                      \u001b[36m</a>\u001b[39m\n                    \u001b[36m</li>\u001b[39m\n                    \u001b[36m<li>\u001b[39m\n                      \u001b[36m<a\u001b[39m\n                        \u001b[33mhref\u001b[39m=\u001b[32m\"/products?category=new arrivals\"\u001b[39m\n                      \u001b[36m>\u001b[39m\n                        \u001b[0mNew Arrivals\u001b[0m\n                      \u001b[36m</a>\u001b[39m\n                    \u001b[36m</li>\u001b[39m\n                    \u001b[36m<li>\u001b[39m\n                      \u001b[36m<a\u001b[39m\n                        \u001b[33mhref\u001b[39m=\u001b[32m\"/products?category=signature series\"\u001b[39m\n                      \u001b[36m>\u001b[39m\n                        \u001b[0mSignature Series\u001b[0m\n                      \u001b[36m</a>\u001b[39m\n                    \u001b[36m</li>\u001b[39m\n                  \u001b[36m</ul>\u001b[39m\n                \u001b[36m</div>\u001b[39m\n                \u001b[36m<div\u001b[39m\n                  \u001b[33mclass\u001b[39m=\u001b[32m\"space-y-8\"\u001b[39m\n                \u001b[36m>\u001b[39m\n                  \u001b[36m<h3\u001b[39m\n                    \u001b[33mclass\u001b[39m=\u001b[32m\"text-[10px] font-black uppercase tracking-[0.4em] text-pink-500\"\u001b[39m\n                  \u001b[36m>\u001b[39m\n                    \u001b[0mThe House\u001b[0m\n                  \u001b[36m</h3>\u001b[39m\n                  \u001b[36m<ul\u001b[39m\n                    \u001b[33mclass\u001b[39m=\u001b[32m\"space-y-4\"\u001b[39m\n                  \u001b[36m>\u001b[39m\n                    \u001b[36m<li>\u001b[39m\n                      \u001b[36m<a\u001b[39m\n                        \u001b[33mhref\u001b[39m=\u001b[32m\"#\"\u001b[39m\n                      \u001b[36m>\u001b[39m\n                        \u001b[0mAbout the Brand\u001b[0m\n                      \u001b[36m</a>\u001b[39m\n                    \u001b[36m</li>\u001b[39m\n                    \u001b[36m<li>\u001b[39m\n                      \u001b[36m<a\u001b[39m\n                        \u001b[33mhref\u001b[39m=\u001b[32m\"#\"\u001b[39m\n                      \u001b[36m>\u001b[39m\n                        \u001b[0mOur Artisans\u001b[0m\n                      \u001b[36m</a>\u001b[39m\n                    \u001b[36m</li>\u001b[39m\n                    \u001b[36m<li>\u001b[39m\n                      \u001b[36m<a\u001b[39m\n                        \u001b[33mhref\u001b[39m=\u001b[32m\"#\"\u001b[39m\n                      \u001b[36m>\u001b[39m\n                        \u001b[0mSustainability\u001b[0m\n                      \u001b[36m</a>\u001b[39m\n                    \u001b[36m</li>\u001b[39m\n                    \u001b[36m<li>\u001b[39m\n                      \u001b[36m<a\u001b[39m\n                        \u001b[33mhref\u001b[39m=\u001b[32m\"#\"\u001b[39m\n                      \u001b[36m>\u001b[39m\n                        \u001b[0mGlobal Flagships\u001b[0m\n                      \u001b[36m</a>\u001b[39m\n                    \u001b[36m</li>\u001b[39m\n                    \u001b[36m<li>\u001b[39m\n                      \u001b[36m<a\u001b[39m\n                        \u001b[33mhref\u001b[39m=\u001b[32m\"#\"\u001b[39m\n                      \u001b[36m>\u001b[39m\n                        \u001b[0mContact House\u001b[0m\n                      \u001b[36m</a>\u001b[39m\n                    \u001b[36m</li>\u001b[39m\n                  \u001b[36m</ul>\u001b[39m\n                \u001b[36m</div>\u001b[39m\n              \u001b[36m</div>\u001b[39m\n              \u001b[36m<div\u001b[39m\n                \u001b[33mclass\u001b[39m=\u001b[32m\"space-y-8\"\u001b[39m\n              \u001b[36m>\u001b[39m\n                \u001b[36m<h3\u001b[39m\n                  \u001b[33mclass\u001b[39m=\u001b[32m\"text-[10px] font-black uppercase tracking-[0.4em] text-pink-500\"\u001b[39m\n                \u001b[36m>\u001b[39m\n                  \u001b[0mNewsletter\u001b[0m\n                \u001b[36m</h3>\u001b[39m\n                \u001b[36m<p\u001b[39m\n                  \u001b[33mclass\u001b[39m=\u001b[32m\"text-sm text-gray-500 font-medium\"\u001b[39m\n                \u001b[36m>\u001b[39m\n                  \u001b[0mJoin the Trendora inner circle for exclusive access to launches and private sales.\u001b[0m\n                \u001b[36m</p>\u001b[39m\n                \u001b[36m<div\u001b[39m\n                  \u001b[33mclass\u001b[39m=\u001b[32m\"relative group\"\u001b[39m\n                \u001b[36m>\u001b[39m\n                  \u001b[36m<input\u001b[39m\n                    \u001b[33mclass\u001b[39m=\u001b[32m\"w-full bg-white/5 border-b border-white/10 py-4 px-0 focus:outline-none focus:border-pink-500 transition-colors text-sm font-bold placeholder:text-gray-700\"\u001b[39m\n                    \u001b[33mplaceholder\u001b[39m=\u001b[32m\"Your email address\"\u001b[39m\n                    \u001b[33mtype\u001b[39m=\u001b[32m\"email\"\u001b[39m\n                  \u001b[36m/>\u001b[39m\n                  \u001b[36m<button\u001b[39m\n                    \u001b[33mclass\u001b[39m=\u001b[32m\"absolute right-0 top-1/2 -translate-y-1/2 p-2 hover:translate-x-1 transition-all\"\u001b[39m\n                  \u001b[36m>\u001b[39m\n                    \u001b[36m<svg\u001b[39m\n                      \u001b[33maria-hidden\u001b[39m=\u001b[32m\"true\"\u001b[39m\n                      \u001b[33mclass\u001b[39m=\u001b[32m\"lucide lucide-arrow-right w-4 h-4 text-pink-500\"\u001b[39m\n                      \u001b[33mfill\u001b[39m=\u001b[32m\"none\"\u001b[39m\n                      \u001b[33mheight\u001b[39m=\u001b[32m\"24\"\u001b[39m\n                      \u001b[33mstroke\u001b[39m=\u001b[32m\"currentColor\"\u001b[39m\n                      \u001b[33mstroke-linecap\u001b[39m=\u001b[32m\"round\"\u001b[39m\n                      \u001b[33mstroke-linejoin\u001b[39m=\u001b[32m\"round\"\u001b[39m\n                      \u001b[33mstroke-width\u001b[39m=\u001b[32m\"2\"\u001b[39m\n                      \u001b[33mviewBox\u001b[39m=\u001b[32m\"0 0 24 24\"\u001b[39m\n                      \u001b[33mwidth\u001b[39m=\u001b[32m\"24\"\u001b[39m\n                      \u001b[33mxmlns\u001b[39m=\u001b[32m\"http://www.w3.org/2000/svg\"\u001b[39m\n                    \u001b[36m>\u001b[39m\n                      \u001b[36m<path\u001b[39m\n                        \u001b[33md\u001b[39m=\u001b[32m\"M5 12h14\"\u001b[39m\n                      \u001b[36m/>\u001b[39m\n                      \u001b[36m<path\u001b[39m\n                        \u001b[33md\u001b[39m=\u001b[32m\"m12 5 7 7-7 7\"\u001b[39m\n                      \u001b[36m/>\u001b[39m\n                    \u001b[36m</svg>\u001b[39m\n                  \u001b[36m</button>\u001b[39m\n                \u001b[36m</div>\u001b[39m\n              \u001b[36m</div>\u001b[39m\n            \u001b[36m</div>\u001b[39m\n            \u001b[36m<div\u001b[39m\n              \u001b[33mclass\u001b[39m=\u001b[32m\"pt-12 border-t border-white/5 flex flex-col md:flex-row justify-between items-center gap-8\"\u001b[39m\n            \u001b[36m>\u001b[39m\n              \u001b[36m<div\u001b[39m\n                \u001b[33mclass\u001b[39m=\u001b[32m\"flex flex-wrap justify-center gap-x-8 gap-y-4\"\u001b[39m\n              \u001b[36m>\u001b[39m\n                \u001b[36m<p\u001b[39m\n                  \u001b[33mclass\u001b[39m=\u001b[32m\"text-[10px] font-black text-gray-700 uppercase tracking-widest\"\u001b[39m\n                \u001b[36m>\u001b[39m\n                  \u001b[0m© 2026 TRENDORA HOUSE\u001b[0m\n                \u001b[36m</p>\u001b[39m\n                \u001b[36m<a\u001b[39m\n                  \u001b[33mhref\u001b[39m=\u001b[32m\"#\"\u001b[39m\n                \u001b[36m>\u001b[39m\n                  \u001b[0mPrivacy Policy\u001b[0m\n                \u001b[36m</a>\u001b[39m\n                \u001b[36m<a\u001b[39m\n                  \u001b[33mhref\u001b[39m=\u001b[32m\"#\"\u001b[39m\n                \u001b[36m>\u001b[39m\n                  \u001b[0mTerms of Service\u001b[0m\n                \u001b[36m</a>\u001b[39m\n              \u001b[36m</div>\u001b[39m\n              \u001b[36m<div\u001b[39m\n                \u001b[33mclass\u001b[39m=\u001b[32m\"flex items-center gap-4\"\u001b[39m\n              \u001b[36m>\u001b[39m\n                \u001b[36m<div\u001b[39m\n                  \u001b[33mclass\u001b[39m=\u001b[32m\"h-[1px] w-8 bg-gray-800\"\u001b[39m\n                \u001b[36m/>\u001b[39m\n                \u001b[36m<p\u001b[39m\n                  \u001b[33mclass\u001b[39m=\u001b[32m\"text-[10px] font-black text-gray-800 uppercase tracking-[0.5em]\"\u001b[39m\n                \u001b[36m>\u001b[39m\n                  \u001b[0mCrafted for the elite\u001b[0m\n                \u001b[36m</p>\u001b[39m\n              \u001b[36m</div>\u001b[39m\n            \u001b[36m</div>\u001b[39m\n          \u001b[36m</div>\u001b[39m\n        \u001b[36m</footer>\u001b[39m\n      \u001b[36m</div>\u001b[39m\n    \u001b[36m</body>\u001b[39m\n\n    \u001b[0m \u001b[90m 11 |\u001b[39m     it(\u001b[32m'renders footer brand name'\u001b[39m\u001b[33m,\u001b[39m () \u001b[33m=>\u001b[39m {\n     \u001b[90m 12 |\u001b[39m         render(\u001b[33m<\u001b[39m\u001b[33mFooter\u001b[39m \u001b[33m/\u001b[39m\u001b[33m>\u001b[39m)\u001b[33m;\u001b[39m\n    \u001b[31m\u001b[1m>\u001b[22m\u001b[39m\u001b[90m 13 |\u001b[39m         expect(screen\u001b[33m.\u001b[39mgetByText(\u001b[35m/Trendora/i\u001b[39m))\u001b[33m.\u001b[39mtoBeInTheDocument()\u001b[33m;\u001b[39m\n     \u001b[90m    |\u001b[39m                       \u001b[31m\u001b[1m^\u001b[22m\u001b[39m\n     \u001b[90m 14 |\u001b[39m     })\u001b[33m;\u001b[39m\n     \u001b[90m 15 |\u001b[39m })\u001b[33m;\u001b[39m\n     \u001b[90m 16 |\u001b[39m\u001b[0m\n\n      at Object.getElementError (node_modules/@testing-library/dom/dist/config.js:37:19)\n      at getElementError (node_modules/@testing-library/dom/dist/query-helpers.js:20:35)\n      at getMultipleElementsFoundError (node_modules/@testing-library/dom/dist/query-helpers.js:23:10)\n      at node_modules/@testing-library/dom/dist/query-helpers.js:55:13\n      at node_modules/@testing-library/dom/dist/query-helpers.js:95:19\n      at Object.getByText (src/components/layout/tests/Footer.test.js:13:23)\n","name":"D:\\mk_projects\\StyleNest\\frontend\\src\\components\\layout\\tests\\Footer.test.js","startTime":1771219454674,"status":"failed","summary":""},{"assertionResults":[{"ancestorTitles":["Hero Component"],"duration":106,"failing":false,"failureDetails":[{"name":"TestingLibraryElementError"}],"failureMessages":["TestingLibraryElementError: Unable to find an element with the text: /Elevate Your Style/i. This could be because the text is broken up by multiple elements. In this case, you can provide a function for your text matcher to make your matcher more flexible.\n\nIgnored nodes: comments, script, style\n\u001b[36m<body>\u001b[39m\n  \u001b[36m<div>\u001b[39m\n    \u001b[36m<div\u001b[39m\n      \u001b[33mclass\u001b[39m=\u001b[32m\"relative h-screen w-full bg-black mt-20 overflow-hidden group\"\u001b[39m\n    \u001b[36m>\u001b[39m\n      \u001b[36m<div\u001b[39m\n        \u001b[33mclass\u001b[39m=\u001b[32m\"absolute inset-0\"\u001b[39m\n      \u001b[36m>\u001b[39m\n        \u001b[36m<img\u001b[39m\n          \u001b[33malt\u001b[39m=\u001b[32m\"Trendora Haute Couture\"\u001b[39m\n          \u001b[33mclass\u001b[39m=\u001b[32m\"object-cover object-center scale-105 group-hover:scale-100 transition-transform duration-[4s] ease-out opacity-70\"\u001b[39m\n          \u001b[33msrc\u001b[39m=\u001b[32m\"https://images.pexels.com/photos/1036622/pexels-photo-1036622.jpeg?auto=format&fit=crop&w=1920&q=80\"\u001b[39m\n        \u001b[36m/>\u001b[39m\n        \u001b[36m<div\u001b[39m\n          \u001b[33mclass\u001b[39m=\u001b[32m\"absolute inset-0 bg-gradient-to-r from-black/90 via-black/20 to-transparent\"\u001b[39m\n        \u001b[36m/>\u001b[39m\n        \u001b[36m<div\u001b[39m\n          \u001b[33mclass\u001b[39m=\u001b[32m\"absolute inset-0 bg-gradient-to-t from-black/60 via-transparent to-transparent\"\u001b[39m\n        \u001b[36m/>\u001b[39m\n        \u001b[36m<div\u001b[39m\n          \u001b[33mclass\u001b[39m=\u001b[32m\"absolute inset-x-0 top-0 h-40 bg-gradient-to-b from-black/80 via-black/20 to-transparent pointer-events-none\"\u001b[39m\n        \u001b[36m/>\u001b[39m\n      \u001b[36m</div>\u001b[39m\n      \u001b[36m<div\u001b[39m\n        \u001b[33mclass\u001b[39m=\u001b[32m\"relative max-w-7xl mx-auto px-4 sm:px-6 lg:px-8 h-full flex flex-col justify-center\"\u001b[39m\n      \u001b[36m>\u001b[39m\n        \u001b[36m<div\u001b[39m\n          \u001b[33mclass\u001b[39m=\u001b[32m\"max-w-4xl space-y-12\"\u001b[39m\n        \u001b[36m>\u001b[39m\n          \u001b[36m<div\u001b[39m\n            \u001b[33mclass\u001b[39m=\u001b[32m\"flex items-center gap-4 animate-fade-in\"\u001b[39m\n          \u001b[36m>\u001b[39m\n            \u001b[36m<div\u001b[39m\n              \u001b[33mclass\u001b[39m=\u001b[32m\"w-12 h-[1px] bg-pink-500\"\u001b[39m\n            \u001b[36m/>\u001b[39m\n            \u001b[36m<span\u001b[39m\n              \u001b[33mclass\u001b[39m=\u001b[32m\"text-[10px] font-black uppercase tracking-[0.6em] text-pink-500\"\u001b[39m\n            \u001b[36m>\u001b[39m\n              \u001b[0mThe 2026 Collection\u001b[0m\n            \u001b[36m</span>\u001b[39m\n          \u001b[36m</div>\u001b[39m\n          \u001b[36m<div\u001b[39m\n            \u001b[33mclass\u001b[39m=\u001b[32m\"space-y-6 animate-slide-up\"\u001b[39m\n            \u001b[33mstyle\u001b[39m=\u001b[32m\"animation-delay: 200ms;\"\u001b[39m\n          \u001b[36m>\u001b[39m\n            \u001b[36m<h1\u001b[39m\n              \u001b[33mclass\u001b[39m=\u001b[32m\"text-8xl md:text-[160px] font-black text-white leading-[0.8] tracking-tighter uppercase italic\"\u001b[39m\n            \u001b[36m>\u001b[39m\n              \u001b[0mElegance \u001b[0m\n              \u001b[36m<br />\u001b[39m\n              \u001b[36m<span\u001b[39m\n                \u001b[33mclass\u001b[39m=\u001b[32m\"text-transparent bg-clip-text bg-gradient-to-r from-pink-500 via-orange-400 to-rose-500 not-italic\"\u001b[39m\n              \u001b[36m>\u001b[39m\n                \u001b[0mDefined\u001b[0m\n              \u001b[36m</span>\u001b[39m\n            \u001b[36m</h1>\u001b[39m\n            \u001b[36m<p\u001b[39m\n              \u001b[33mclass\u001b[39m=\u001b[32m\"text-gray-400 text-lg md:text-2xl font-medium max-w-xl leading-relaxed pt-6 border-l-2 border-pink-500/30 pl-8 bg-white/5 backdrop-blur-md rounded-r-3xl py-6\"\u001b[39m\n            \u001b[36m>\u001b[39m\n              \u001b[0mUnveil the new season's most-coveted silhouettes. A selection that honors heritage while embracing the avant-garde future.\u001b[0m\n            \u001b[36m</p>\u001b[39m\n          \u001b[36m</div>\u001b[39m\n          \u001b[36m<div\u001b[39m\n            \u001b[33mclass\u001b[39m=\u001b[32m\"flex flex-col sm:flex-row gap-8 pt-8 animate-slide-up\"\u001b[39m\n            \u001b[33mstyle\u001b[39m=\u001b[32m\"animation-delay: 400ms;\"\u001b[39m\n          \u001b[36m>\u001b[39m\n            \u001b[36m<a\u001b[39m\n              \u001b[33mhref\u001b[39m=\u001b[32m\"/products\"\u001b[39m\n            \u001b[36m>\u001b[39m\n              \u001b[36m<button\u001b[39m\n                \u001b[33mclass\u001b[39m=\u001b[32m\"group/btn bg-white hover:bg-pink-50 text-black px-12 py-6 rounded-full font-black text-[11px] uppercase tracking-[0.3em] shadow-2xl transition-all active:scale-95 flex items-center gap-6\"\u001b[39m\n              \u001b[36m>\u001b[39m\n                \u001b[0mDISCOVER PIECES\u001b[0m\n                \u001b[36m<div\u001b[39m\n                  \u001b[33mclass\u001b[39m=\u001b[32m\"w-8 h-8 rounded-full bg-black text-white flex items-center justify-center group-hover/btn:translate-x-2 transition-transform\"\u001b[39m\n                \u001b[36m>\u001b[39m\n                  \u001b[36m<svg\u001b[39m\n                    \u001b[33maria-hidden\u001b[39m=\u001b[32m\"true\"\u001b[39m\n                    \u001b[33mclass\u001b[39m=\u001b[32m\"lucide lucide-arrow-right w-4 h-4\"\u001b[39m\n                    \u001b[33mfill\u001b[39m=\u001b[32m\"none\"\u001b[39m\n                    \u001b[33mheight\u001b[39m=\u001b[32m\"24\"\u001b[39m\n                    \u001b[33mstroke\u001b[39m=\u001b[32m\"currentColor\"\u001b[39m\n                    \u001b[33mstroke-linecap\u001b[39m=\u001b[32m\"round\"\u001b[39m\n                    \u001b[33mstroke-linejoin\u001b[39m=\u001b[32m\"round\"\u001b[39m\n                    \u001b[33mstroke-width\u001b[39m=\u001b[32m\"2\"\u001b[39m\n                    \u001b[33mviewBox\u001b[39m=\u001b[32m\"0 0 24 24\"\u001b[39m\n                    \u001b[33mwidth\u001b[39m=\u001b[32m\"24\"\u001b[39m\n                    \u001b[33mxmlns\u001b[39m=\u001b[32m\"http://www.w3.org/2000/svg\"\u001b[39m\n                  \u001b[36m>\u001b[39m\n                    \u001b[36m<path\u001b[39m\n                      \u001b[33md\u001b[39m=\u001b[32m\"M5 12h14\"\u001b[39m\n                    \u001b[36m/>\u001b[39m\n                    \u001b[36m<path\u001b[39m\n                      \u001b[33md\u001b[39m=\u001b[32m\"m12 5 7 7-7 7\"\u001b[39m\n                    \u001b[36m/>\u001b[39m\n                  \u001b[36m</svg>\u001b[39m\n                \u001b[36m</div>\u001b[39m\n              \u001b[36m</button>\u001b[39m\n            \u001b[36m</a>\u001b[39m\n            \u001b[36m<button\u001b[39m\n              \u001b[33mclass\u001b[39m=\u001b[32m\"flex items-center gap-6 group/video\"\u001b[39m\n            \u001b[36m>\u001b[39m\n              \u001b[36m<div\u001b[39m\n                \u001b[33mclass\u001b[39m=\u001b[32m\"w-16 h-16 rounded-full border border-white/20 flex items-center justify-center group-hover/video:border-pink-500 group-hover/video:bg-pink-500/10 backdrop-blur-sm transition-all duration-700\"\u001b[39m\n              \u001b[36m>\u001b[39m\n                \u001b[36m<svg\u001b[39m\n                  \u001b[33maria-hidden\u001b[39m=\u001b[32m\"true\"\u001b[39m\n                  \u001b[33mclass\u001b[39m=\u001b[32m\"lucide lucide-play w-5 h-5 text-white fill-current\"\u001b[39m\n                  \u001b[33mfill\u001b[39m=\u001b[32m\"none\"\u001b[39m\n                  \u001b[33mheight\u001b[39m=\u001b[32m\"24\"\u001b[39m\n                  \u001b[33mstroke\u001b[39m=\u001b[32m\"currentColor\"\u001b[39m\n                  \u001b[33mstroke-linecap\u001b[39m=\u001b[32m\"round\"\u001b[39m\n                  \u001b[33mstroke-linejoin\u001b[39m=\u001b[32m\"round\"\u001b[39m\n                  \u001b[33mstroke-width\u001b[39m=\u001b[32m\"2\"\u001b[39m\n                  \u001b[33mviewBox\u001b[39m=\u001b[32m\"0 0 24 24\"\u001b[39m\n                  \u001b[33mwidth\u001b[39m=\u001b[32m\"24\"\u001b[39m\n                  \u001b[33mxmlns\u001b[39m=\u001b[32m\"http://www.w3.org/2000/svg\"\u001b[39m\n                \u001b[36m>\u001b[39m\n                  \u001b[36m<path\u001b[39m\n                    \u001b[33md\u001b[39m=\u001b[32m\"M5 5a2 2 0 0 1 3.008-1.728l11.997 6.998a2 2 0 0 1 .003 3.458l-12 7A2 2 0 0 1 5 19z\"\u001b[39m\n                  \u001b[36m/>\u001b[39m\n                \u001b[36m</svg>\u001b[39m\n              \u001b[36m</div>\u001b[39m\n              \u001b[36m<div\u001b[39m\n                \u001b[33mclass\u001b[39m=\u001b[32m\"flex flex-col\"\u001b[39m\n              \u001b[36m>\u001b[39m\n                \u001b[36m<span\u001b[39m\n                  \u001b[33mclass\u001b[39m=\u001b[32m\"text-[10px] font-black uppercase tracking-widest text-white group-hover/video:text-pink-500 transition-colors\"\u001b[39m\n                \u001b[36m>\u001b[39m\n                  \u001b[0mWatch Film\u001b[0m\n                \u001b[36m</span>\u001b[39m\n                \u001b[36m<span\u001b[39m\n                  \u001b[33mclass\u001b[39m=\u001b[32m\"text-[8px] font-medium text-gray-500 uppercase tracking-widest\"\u001b[39m\n                \u001b[36m>\u001b[39m\n                  \u001b[0mParis Vogue '26\u001b[0m\n                \u001b[36m</span>\u001b[39m\n              \u001b[36m</div>\u001b[39m\n            \u001b[36m</button>\u001b[39m\n          \u001b[36m</div>\u001b[39m\n        \u001b[36m</div>\u001b[39m\n        \u001b[36m<div\u001b[39m\n          \u001b[33mclass\u001b[39m=\u001b[32m\"absolute bottom-20 right-8 md:right-12 hidden lg:block animate-fade-in\"\u001b[39m\n          \u001b[33mstyle\u001b[39m=\u001b[32m\"animation-delay: 1s;\"\u001b[39m\n        \u001b[36m>\u001b[39m\n          \u001b[36m<div\u001b[39m\n            \u001b[33mclass\u001b[39m=\u001b[32m\"p-10 rounded-[60px] bg-white/5 backdrop-blur-2xl border border-white/10 shadow-2xl flex items-center gap-12\"\u001b[39m\n          \u001b[36m>\u001b[39m\n            \u001b[36m<div\u001b[39m\n              \u001b[33mclass\u001b[39m=\u001b[32m\"space-y-2 text-center\"\u001b[39m\n            \u001b[36m>\u001b[39m\n              \u001b[36m<p\u001b[39m\n                \u001b[33mclass\u001b[39m=\u001b[32m\"text-4xl font-black text-white italic tracking-tighter\"\u001b[39m\n              \u001b[36m>\u001b[39m\n                \u001b[0m2.5k+\u001b[0m\n              \u001b[36m</p>\u001b[39m\n              \u001b[36m<div\u001b[39m\n                \u001b[33mclass\u001b[39m=\u001b[32m\"flex items-center gap-2 justify-center\"\u001b[39m\n              \u001b[36m>\u001b[39m\n                \u001b[36m<svg\u001b[39m\n                  \u001b[33maria-hidden\u001b[39m=\u001b[32m\"true\"\u001b[39m\n                  \u001b[33mclass\u001b[39m=\u001b[32m\"lucide lucide-sparkles w-3 h-3 text-pink-500\"\u001b[39m\n                  \u001b[33mfill\u001b[39m=\u001b[32m\"none\"\u001b[39m\n                  \u001b[33mheight\u001b[39m=\u001b[32m\"24\"\u001b[39m\n                  \u001b[33mstroke\u001b[39m=\u001b[32m\"currentColor\"\u001b[39m\n                  \u001b[33mstroke-linecap\u001b[39m=\u001b[32m\"round\"\u001b[39m\n                  \u001b[33mstroke-linejoin\u001b[39m=\u001b[32m\"round\"\u001b[39m\n                  \u001b[33mstroke-width\u001b[39m=\u001b[32m\"2\"\u001b[39m\n                  \u001b[33mviewBox\u001b[39m=\u001b[32m\"0 0 24 24\"\u001b[39m\n                  \u001b[33mwidth\u001b[39m=\u001b[32m\"24\"\u001b[39m\n                  \u001b[33mxmlns\u001b[39m=\u001b[32m\"http://www.w3.org/2000/svg\"\u001b[39m\n                \u001b[36m>\u001b[39m\n                  \u001b[36m<path\u001b[39m\n                    \u001b[33md\u001b[39m=\u001b[32m\"M11.017 2.814a1 1 0 0 1 1.966 0l1.051 5.558a2 2 0 0 0 1.594 1.594l5.558 1.051a1 1 0 0 1 0 1.966l-5.558 1.051a2 2 0 0 0-1.594 1.594l-1.051 5.558a1 1 0 0 1-1.966 0l-1.051-5.558a2 2 0 0 0-1.594-1.594l-5.558-1.051a1 1 0 0 1 0-1.966l5.558-1.051a2 2 0 0 0 1.594-1.594z\"\u001b[39m\n                  \u001b[36m/>\u001b[39m\n                  \u001b[36m<path\u001b[39m\n                    \u001b[33md\u001b[39m=\u001b[32m\"M20 2v4\"\u001b[39m\n                  \u001b[36m/>\u001b[39m\n                  \u001b[36m<path\u001b[39m\n                    \u001b[33md\u001b[39m=\u001b[32m\"M22 4h-4\"\u001b[39m\n                  \u001b[36m/>\u001b[39m\n                  \u001b[36m<circle\u001b[39m\n                    \u001b[33mcx\u001b[39m=\u001b[32m\"4\"\u001b[39m\n                    \u001b[33mcy\u001b[39m=\u001b[32m\"20\"\u001b[39m\n                    \u001b[33mr\u001b[39m=\u001b[32m\"2\"\u001b[39m\n                  \u001b[36m/>\u001b[39m\n                \u001b[36m</svg>\u001b[39m\n                \u001b[36m<p\u001b[39m\n                  \u001b[33mclass\u001b[39m=\u001b[32m\"text-[8px] font-black text-pink-500 uppercase tracking-widest\"\u001b[39m\n                \u001b[36m>\u001b[39m\n                  \u001b[0mNew Drops\u001b[0m\n                \u001b[36m</p>\u001b[39m\n              \u001b[36m</div>\u001b[39m\n            \u001b[36m</div>\u001b[39m\n            \u001b[36m<div\u001b[39m\n              \u001b[33mclass\u001b[39m=\u001b[32m\"w-[1px] h-12 bg-white/10\"\u001b[39m\n            \u001b[36m/>\u001b[39m\n            \u001b[36m<div\u001b[39m\n              \u001b[33mclass\u001b[39m=\u001b[32m\"space-y-2 text-center\"\u001b[39m\n            \u001b[36m>\u001b[39m\n              \u001b[36m<p\u001b[39m\n                \u001b[33mclass\u001b[39m=\u001b[32m\"text-4xl font-black text-white italic tracking-tighter\"\u001b[39m\n              \u001b[36m>\u001b[39m\n                \u001b[0m45k\u001b[0m\n              \u001b[36m</p>\u001b[39m\n              \u001b[36m<div\u001b[39m\n                \u001b[33mclass\u001b[39m=\u001b[32m\"flex items-center gap-2 justify-center\"\u001b[39m\n              \u001b[36m>\u001b[39m\n                \u001b[36m<svg\u001b[39m\n                  \u001b[33maria-hidden\u001b[39m=\u001b[32m\"true\"\u001b[39m\n                  \u001b[33mclass\u001b[39m=\u001b[32m\"lucide lucide-users w-3 h-3 text-gray-400\"\u001b[39m\n                  \u001b[33mfill\u001b[39m=\u001b[32m\"none\"\u001b[39m\n                  \u001b[33mheight\u001b[39m=\u001b[32m\"24\"\u001b[39m\n                  \u001b[33mstroke\u001b[39m=\u001b[32m\"currentColor\"\u001b[39m\n                  \u001b[33mstroke-linecap\u001b[39m=\u001b[32m\"round\"\u001b[39m\n                  \u001b[33mstroke-linejoin\u001b[39m=\u001b[32m\"round\"\u001b[39m\n                  \u001b[33mstroke-width\u001b[39m=\u001b[32m\"2\"\u001b[39m\n                  \u001b[33mviewBox\u001b[39m=\u001b[32m\"0 0 24 24\"\u001b[39m\n                  \u001b[33mwidth\u001b[39m=\u001b[32m\"24\"\u001b[39m\n                  \u001b[33mxmlns\u001b[39m=\u001b[32m\"http://www.w3.org/2000/svg\"\u001b[39m\n                \u001b[36m>\u001b[39m\n                  \u001b[36m<path\u001b[39m\n                    \u001b[33md\u001b[39m=\u001b[32m\"M16 21v-2a4 4 0 0 0-4-4H6a4 4 0 0 0-4 4v2\"\u001b[39m\n                  \u001b[36m/>\u001b[39m\n                  \u001b[36m<path\u001b[39m\n                    \u001b[33md\u001b[39m=\u001b[32m\"M16 3.128a4 4 0 0 1 0 7.744\"\u001b[39m\n                  \u001b[36m/>\u001b[39m\n                  \u001b[36m<path\u001b[39m\n                    \u001b[33md\u001b[39m=\u001b[32m\"M22 21v-2a4 4 0 0 0-3-3.87\"\u001b[39m\n                  \u001b[36m/>\u001b[39m\n                  \u001b[36m<circle\u001b[39m\n                    \u001b[33mcx\u001b[39m=\u001b[32m\"9\"\u001b[39m\n                    \u001b[33mcy\u001b[39m=\u001b[32m\"7\"\u001b[39m\n                    \u001b[33mr\u001b[39m=\u001b[32m\"4\"\u001b[39m\n                  \u001b[36m/>\u001b[39m\n                \u001b[36m</svg>\u001b[39m\n                \u001b[36m<p\u001b[39m\n                  \u001b[33mclass\u001b[39m=\u001b[32m\"text-[8px] font-black text-gray-500 uppercase tracking-widest\"\u001b[39m\n                \u001b[36m>\u001b[39m\n                  \u001b[0mGlobal Clients\u001b[0m\n                \u001b[36m</p>\u001b[39m\n              \u001b[36m</div>\u001b[39m\n            \u001b[36m</div>\u001b[39m\n          \u001b[36m</div>\u001b[39m\n        \u001b[36m</div>\u001b[39m\n      \u001b[36m</div>\u001b[39m\n      \u001b[36m<div\u001b[39m\n        \u001b[33mclass\u001b[39m=\u001b[32m\"absolute bottom-12 left-1/2 -translate-x-1/2 flex flex-col items-center gap-4 opacity-40 hover:opacity-100 transition-opacity cursor-pointer\"\u001b[39m\n      \u001b[36m>\u001b[39m\n        \u001b[36m<span\u001b[39m\n          \u001b[33mclass\u001b[39m=\u001b[32m\"text-[9px] font-black uppercase tracking-[0.6em] text-white\"\u001b[39m\n        \u001b[36m>\u001b[39m\n          \u001b[0mScroll\u001b[0m\n        \u001b[36m</span>\u001b[39m\n        \u001b[36m<div\u001b[39m\n          \u001b[33mclass\u001b[39m=\u001b[32m\"relative w-[2px] h-16 bg-white/10 overflow-hidden rounded-full\"\u001b[39m\n        \u001b[36m>\u001b[39m\n          \u001b[36m<div\u001b[39m\n            \u001b[33mclass\u001b[39m=\u001b[32m\"absolute top-0 left-0 w-full h-1/2 bg-gradient-to-b from-pink-500 to-transparent animate-bounce\"\u001b[39m\n          \u001b[36m/>\u001b[39m\n        \u001b[36m</div>\u001b[39m\n      \u001b[36m</div>\u001b[39m\n    \u001b[36m</div>\u001b[39m\n  \u001b[36m</div>\u001b[39m\n\u001b[36m</body>\u001b[39m\n    at Object.getElementError (D:\\mk_projects\\StyleNest\\frontend\\node_modules\\@testing-library\\dom\\dist\\config.js:37:19)\n    at D:\\mk_projects\\StyleNest\\frontend\\node_modules\\@testing-library\\dom\\dist\\query-helpers.js:76:38\n    at D:\\mk_projects\\StyleNest\\frontend\\node_modules\\@testing-library\\dom\\dist\\query-helpers.js:52:17\n    at D:\\mk_projects\\StyleNest\\frontend\\node_modules\\@testing-library\\dom\\dist\\query-helpers.js:95:19\n    at Object.getByText (D:\\mk_projects\\StyleNest\\frontend\\src\\components\\layout\\tests\\Hero.test.js:21:23)\n    at Promise.finally.completed (D:\\mk_projects\\StyleNest\\frontend\\node_modules\\jest-circus\\build\\jestAdapterInit.js:1557:28)\n    at new Promise (<anonymous>)\n    at callAsyncCircusFn (D:\\mk_projects\\StyleNest\\frontend\\node_modules\\jest-circus\\build\\jestAdapterInit.js:1497:10)\n    at _callCircusTest (D:\\mk_projects\\StyleNest\\frontend\\node_modules\\jest-circus\\build\\jestAdapterInit.js:1007:40)\n    at processTicksAndRejections (node:internal/process/task_queues:105:5)\n    at _runTest (D:\\mk_projects\\StyleNest\\frontend\\node_modules\\jest-circus\\build\\jestAdapterInit.js:947:3)\n    at D:\\mk_projects\\StyleNest\\frontend\\node_modules\\jest-circus\\build\\jestAdapterInit.js:849:7\n    at _runTestsForDescribeBlock (D:\\mk_projects\\StyleNest\\frontend\\node_modules\\jest-circus\\build\\jestAdapterInit.js:862:11)\n    at _runTestsForDescribeBlock (D:\\mk_projects\\StyleNest\\frontend\\node_modules\\jest-circus\\build\\jestAdapterInit.js:857:11)\n    at run (D:\\mk_projects\\StyleNest\\frontend\\node_modules\\jest-circus\\build\\jestAdapterInit.js:761:3)\n    at runAndTransformResultsToJestFormat (D:\\mk_projects\\StyleNest\\frontend\\node_modules\\jest-circus\\build\\jestAdapterInit.js:1918:21)\n    at jestAdapter (D:\\mk_projects\\StyleNest\\frontend\\node_modules\\jest-circus\\build\\runner.js:101:19)\n    at runTestInternal (D:\\mk_projects\\StyleNest\\frontend\\node_modules\\jest-runner\\build\\testWorker.js:275:16)\n    at runTest (D:\\mk_projects\\StyleNest\\frontend\\node_modules\\jest-runner\\build\\testWorker.js:343:7)\n    at Object.worker (D:\\mk_projects\\StyleNest\\frontend\\node_modules\\jest-runner\\build\\testWorker.js:497:12)"],"fullName":"Hero Component renders hero content","invocations":1,"location":null,"numPassingAsserts":0,"retryReasons":[],"startAt":1771219455660,"status":"failed","title":"renders hero content"}],"endTime":1771219455816,"message":"  ● Hero Component › renders hero content\n\n    TestingLibraryElementError: Unable to find an element with the text: /Elevate Your Style/i. This could be because the text is broken up by multiple elements. In this case, you can provide a function for your text matcher to make your matcher more flexible.\n\n    Ignored nodes: comments, script, style\n    \u001b[36m<body>\u001b[39m\n      \u001b[36m<div>\u001b[39m\n        \u001b[36m<div\u001b[39m\n          \u001b[33mclass\u001b[39m=\u001b[32m\"relative h-screen w-full bg-black mt-20 overflow-hidden group\"\u001b[39m\n        \u001b[36m>\u001b[39m\n          \u001b[36m<div\u001b[39m\n            \u001b[33mclass\u001b[39m=\u001b[32m\"absolute inset-0\"\u001b[39m\n          \u001b[36m>\u001b[39m\n            \u001b[36m<img\u001b[39m\n              \u001b[33malt\u001b[39m=\u001b[32m\"Trendora Haute Couture\"\u001b[39m\n              \u001b[33mclass\u001b[39m=\u001b[32m\"object-cover object-center scale-105 group-hover:scale-100 transition-transform duration-[4s] ease-out opacity-70\"\u001b[39m\n              \u001b[33msrc\u001b[39m=\u001b[32m\"https://images.pexels.com/photos/1036622/pexels-photo-1036622.jpeg?auto=format&fit=crop&w=1920&q=80\"\u001b[39m\n            \u001b[36m/>\u001b[39m\n            \u001b[36m<div\u001b[39m\n              \u001b[33mclass\u001b[39m=\u001b[32m\"absolute inset-0 bg-gradient-to-r from-black/90 via-black/20 to-transparent\"\u001b[39m\n            \u001b[36m/>\u001b[39m\n            \u001b[36m<div\u001b[39m\n              \u001b[33mclass\u001b[39m=\u001b[32m\"absolute inset-0 bg-gradient-to-t from-black/60 via-transparent to-transparent\"\u001b[39m\n            \u001b[36m/>\u001b[39m\n            \u001b[36m<div\u001b[39m\n              \u001b[33mclass\u001b[39m=\u001b[32m\"absolute inset-x-0 top-0 h-40 bg-gradient-to-b from-black/80 via-black/20 to-transparent pointer-events-none\"\u001b[39m\n            \u001b[36m/>\u001b[39m\n          \u001b[36m</div>\u001b[39m\n          \u001b[36m<div\u001b[39m\n            \u001b[33mclass\u001b[39m=\u001b[32m\"relative max-w-7xl mx-auto px-4 sm:px-6 lg:px-8 h-full flex flex-col justify-center\"\u001b[39m\n          \u001b[36m>\u001b[39m\n            \u001b[36m<div\u001b[39m\n              \u001b[33mclass\u001b[39m=\u001b[32m\"max-w-4xl space-y-12\"\u001b[39m\n            \u001b[36m>\u001b[39m\n              \u001b[36m<div\u001b[39m\n                \u001b[33mclass\u001b[39m=\u001b[32m\"flex items-center gap-4 animate-fade-in\"\u001b[39m\n              \u001b[36m>\u001b[39m\n                \u001b[36m<div\u001b[39m\n                  \u001b[33mclass\u001b[39m=\u001b[32m\"w-12 h-[1px] bg-pink-500\"\u001b[39m\n                \u001b[36m/>\u001b[39m\n                \u001b[36m<span\u001b[39m\n                  \u001b[33mclass\u001b[39m=\u001b[32m\"text-[10px] font-black uppercase tracking-[0.6em] text-pink-500\"\u001b[39m\n                \u001b[36m>\u001b[39m\n                  \u001b[0mThe 2026 Collection\u001b[0m\n                \u001b[36m</span>\u001b[39m\n              \u001b[36m</div>\u001b[39m\n              \u001b[36m<div\u001b[39m\n                \u001b[33mclass\u001b[39m=\u001b[32m\"space-y-6 animate-slide-up\"\u001b[39m\n                \u001b[33mstyle\u001b[39m=\u001b[32m\"animation-delay: 200ms;\"\u001b[39m\n              \u001b[36m>\u001b[39m\n                \u001b[36m<h1\u001b[39m\n                  \u001b[33mclass\u001b[39m=\u001b[32m\"text-8xl md:text-[160px] font-black text-white leading-[0.8] tracking-tighter uppercase italic\"\u001b[39m\n                \u001b[36m>\u001b[39m\n                  \u001b[0mElegance \u001b[0m\n                  \u001b[36m<br />\u001b[39m\n                  \u001b[36m<span\u001b[39m\n                    \u001b[33mclass\u001b[39m=\u001b[32m\"text-transparent bg-clip-text bg-gradient-to-r from-pink-500 via-orange-400 to-rose-500 not-italic\"\u001b[39m\n                  \u001b[36m>\u001b[39m\n                    \u001b[0mDefined\u001b[0m\n                  \u001b[36m</span>\u001b[39m\n                \u001b[36m</h1>\u001b[39m\n                \u001b[36m<p\u001b[39m\n                  \u001b[33mclass\u001b[39m=\u001b[32m\"text-gray-400 text-lg md:text-2xl font-medium max-w-xl leading-relaxed pt-6 border-l-2 border-pink-500/30 pl-8 bg-white/5 backdrop-blur-md rounded-r-3xl py-6\"\u001b[39m\n                \u001b[36m>\u001b[39m\n                  \u001b[0mUnveil the new season's most-coveted silhouettes. A selection that honors heritage while embracing the avant-garde future.\u001b[0m\n                \u001b[36m</p>\u001b[39m\n              \u001b[36m</div>\u001b[39m\n              \u001b[36m<div\u001b[39m\n                \u001b[33mclass\u001b[39m=\u001b[32m\"flex flex-col sm:flex-row gap-8 pt-8 animate-slide-up\"\u001b[39m\n                \u001b[33mstyle\u001b[39m=\u001b[32m\"animation-delay: 400ms;\"\u001b[39m\n              \u001b[36m>\u001b[39m\n                \u001b[36m<a\u001b[39m\n                  \u001b[33mhref\u001b[39m=\u001b[32m\"/products\"\u001b[39m\n                \u001b[36m>\u001b[39m\n                  \u001b[36m<button\u001b[39m\n                    \u001b[33mclass\u001b[39m=\u001b[32m\"group/btn bg-white hover:bg-pink-50 text-black px-12 py-6 rounded-full font-black text-[11px] uppercase tracking-[0.3em] shadow-2xl transition-all active:scale-95 flex items-center gap-6\"\u001b[39m\n                  \u001b[36m>\u001b[39m\n                    \u001b[0mDISCOVER PIECES\u001b[0m\n                    \u001b[36m<div\u001b[39m\n                      \u001b[33mclass\u001b[39m=\u001b[32m\"w-8 h-8 rounded-full bg-black text-white flex items-center justify-center group-hover/btn:translate-x-2 transition-transform\"\u001b[39m\n                    \u001b[36m>\u001b[39m\n                      \u001b[36m<svg\u001b[39m\n                        \u001b[33maria-hidden\u001b[39m=\u001b[32m\"true\"\u001b[39m\n                        \u001b[33mclass\u001b[39m=\u001b[32m\"lucide lucide-arrow-right w-4 h-4\"\u001b[39m\n                        \u001b[33mfill\u001b[39m=\u001b[32m\"none\"\u001b[39m\n                        \u001b[33mheight\u001b[39m=\u001b[32m\"24\"\u001b[39m\n                        \u001b[33mstroke\u001b[39m=\u001b[32m\"currentColor\"\u001b[39m\n                        \u001b[33mstroke-linecap\u001b[39m=\u001b[32m\"round\"\u001b[39m\n                        \u001b[33mstroke-linejoin\u001b[39m=\u001b[32m\"round\"\u001b[39m\n                        \u001b[33mstroke-width\u001b[39m=\u001b[32m\"2\"\u001b[39m\n                        \u001b[33mviewBox\u001b[39m=\u001b[32m\"0 0 24 24\"\u001b[39m\n                        \u001b[33mwidth\u001b[39m=\u001b[32m\"24\"\u001b[39m\n                        \u001b[33mxmlns\u001b[39m=\u001b[32m\"http://www.w3.org/2000/svg\"\u001b[39m\n                      \u001b[36m>\u001b[39m\n                        \u001b[36m<path\u001b[39m\n                          \u001b[33md\u001b[39m=\u001b[32m\"M5 12h14\"\u001b[39m\n                        \u001b[36m/>\u001b[39m\n                        \u001b[36m<path\u001b[39m\n                          \u001b[33md\u001b[39m=\u001b[32m\"m12 5 7 7-7 7\"\u001b[39m\n                        \u001b[36m/>\u001b[39m\n                      \u001b[36m</svg>\u001b[39m\n                    \u001b[36m</div>\u001b[39m\n                  \u001b[36m</button>\u001b[39m\n                \u001b[36m</a>\u001b[39m\n                \u001b[36m<button\u001b[39m\n                  \u001b[33mclass\u001b[39m=\u001b[32m\"flex items-center gap-6 group/video\"\u001b[39m\n                \u001b[36m>\u001b[39m\n                  \u001b[36m<div\u001b[39m\n                    \u001b[33mclass\u001b[39m=\u001b[32m\"w-16 h-16 rounded-full border border-white/20 flex items-center justify-center group-hover/video:border-pink-500 group-hover/video:bg-pink-500/10 backdrop-blur-sm transition-all duration-700\"\u001b[39m\n                  \u001b[36m>\u001b[39m\n                    \u001b[36m<svg\u001b[39m\n                      \u001b[33maria-hidden\u001b[39m=\u001b[32m\"true\"\u001b[39m\n                      \u001b[33mclass\u001b[39m=\u001b[32m\"lucide lucide-play w-5 h-5 text-white fill-current\"\u001b[39m\n                      \u001b[33mfill\u001b[39m=\u001b[32m\"none\"\u001b[39m\n                      \u001b[33mheight\u001b[39m=\u001b[32m\"24\"\u001b[39m\n                      \u001b[33mstroke\u001b[39m=\u001b[32m\"currentColor\"\u001b[39m\n                      \u001b[33mstroke-linecap\u001b[39m=\u001b[32m\"round\"\u001b[39m\n                      \u001b[33mstroke-linejoin\u001b[39m=\u001b[32m\"round\"\u001b[39m\n                      \u001b[33mstroke-width\u001b[39m=\u001b[32m\"2\"\u001b[39m\n                      \u001b[33mviewBox\u001b[39m=\u001b[32m\"0 0 24 24\"\u001b[39m\n                      \u001b[33mwidth\u001b[39m=\u001b[32m\"24\"\u001b[39m\n                      \u001b[33mxmlns\u001b[39m=\u001b[32m\"http://www.w3.org/2000/svg\"\u001b[39m\n                    \u001b[36m>\u001b[39m\n                      \u001b[36m<path\u001b[39m\n                        \u001b[33md\u001b[39m=\u001b[32m\"M5 5a2 2 0 0 1 3.008-1.728l11.997 6.998a2 2 0 0 1 .003 3.458l-12 7A2 2 0 0 1 5 19z\"\u001b[39m\n                      \u001b[36m/>\u001b[39m\n                    \u001b[36m</svg>\u001b[39m\n                  \u001b[36m</div>\u001b[39m\n                  \u001b[36m<div\u001b[39m\n                    \u001b[33mclass\u001b[39m=\u001b[32m\"flex flex-col\"\u001b[39m\n                  \u001b[36m>\u001b[39m\n                    \u001b[36m<span\u001b[39m\n                      \u001b[33mclass\u001b[39m=\u001b[32m\"t
[...]
uery-helpers.js:55:13\n    at D:\\mk_projects\\StyleNest\\frontend\\node_modules\\@testing-library\\dom\\dist\\query-helpers.js:95:19\n    at Object.getByText (D:\\mk_projects\\StyleNest\\frontend\\src\\components\\kids\\tests\\KidsLandingPage.test.js:34:23)\n    at Promise.finally.completed (D:\\mk_projects\\StyleNest\\frontend\\node_modules\\jest-circus\\build\\jestAdapterInit.js:1557:28)\n    at new Promise (<anonymous>)\n    at callAsyncCircusFn (D:\\mk_projects\\StyleNest\\frontend\\node_modules\\jest-circus\\build\\jestAdapterInit.js:1497:10)\n    at _callCircusTest (D:\\mk_projects\\StyleNest\\frontend\\node_modules\\jest-circus\\build\\jestAdapterInit.js:1007:40)\n    at processTicksAndRejections (node:internal/process/task_queues:105:5)\n    at _runTest (D:\\mk_projects\\StyleNest\\frontend\\node_modules\\jest-circus\\build\\jestAdapterInit.js:947:3)\n    at D:\\mk_projects\\StyleNest\\frontend\\node_modules\\jest-circus\\build\\jestAdapterInit.js:849:7\n    at _runTestsForDescribeBlock (D:\\mk_projects\\StyleNest\\frontend\\node_modules\\jest-circus\\build\\jestAdapterInit.js:862:11)\n    at _runTestsForDescribeBlock (D:\\mk_projects\\StyleNest\\frontend\\node_modules\\jest-circus\\build\\jestAdapterInit.js:857:11)\n    at run (D:\\mk_projects\\StyleNest\\frontend\\node_modules\\jest-circus\\build\\jestAdapterInit.js:761:3)\n    at runAndTransformResultsToJestFormat (D:\\mk_projects\\StyleNest\\frontend\\node_modules\\jest-circus\\build\\jestAdapterInit.js:1918:21)\n    at jestAdapter (D:\\mk_projects\\StyleNest\\frontend\\node_modules\\jest-circus\\build\\runner.js:101:19)\n    at runTestInternal (D:\\mk_projects\\StyleNest\\frontend\\node_modules\\jest-runner\\build\\testWorker.js:275:16)\n    at runTest (D:\\mk_projects\\StyleNest\\frontend\\node_modules\\jest-runner\\build\\testWorker.js:343:7)\n    at Object.worker (D:\\mk_projects\\StyleNest\\frontend\\node_modules\\jest-runner\\build\\testWorker.js:497:12)"],"fullName":"KidsLandingPage renders landing page content","invocations":1,"location":null,"numPassingAsserts":0,"retryReasons":[],"startAt":1771219455657,"status":"failed","title":"renders landing page content"}],"endTime":1771219455892,"message":"  ● KidsLandingPage › renders landing page content\n\n    TestingLibraryElementError: Found multiple elements with the text: /Little/i\n\n    Here are the matching elements:\n\n    Ignored nodes: comments, script, style\n    \u001b[36m<h1\u001b[39m\n      \u001b[33mclass\u001b[39m=\u001b[32m\"text-7xl md:text-9xl font-black text-gray-900 leading-[0.85] tracking-tighter uppercase italic\"\u001b[39m\n    \u001b[36m>\u001b[39m\n      \u001b[0mLittle \u001b[0m\n      \u001b[36m<br />\u001b[39m\n      \u001b[36m<span\u001b[39m\n        \u001b[33mclass\u001b[39m=\u001b[32m\"text-transparent bg-clip-text bg-gradient-to-r from-blue-500 to-pink-500 not-italic\"\u001b[39m\n      \u001b[36m>\u001b[39m\n        \u001b[0mIcons\u001b[0m\n      \u001b[36m</span>\u001b[39m\n    \u001b[36m</h1>\u001b[39m\n\n    Ignored nodes: comments, script, style\n    \u001b[36m<h2\u001b[39m\n      \u001b[33mclass\u001b[39m=\u001b[32m\"text-6xl font-black text-gray-900 tracking-tighter uppercase italic\"\u001b[39m\n    \u001b[36m>\u001b[39m\n      \u001b[0mLittle \u001b[0m\n      \u001b[36m<span\u001b[39m\n        \u001b[33mclass\u001b[39m=\u001b[32m\"text-pink-500\"\u001b[39m\n      \u001b[36m>\u001b[39m\n        \u001b[0mWardrobe\u001b[0m\n      \u001b[36m</span>\u001b[39m\n    \u001b[36m</h2>\u001b[39m\n\n    Ignored nodes: comments, script, style\n    \u001b[36m<h2\u001b[39m\n      \u001b[33mclass\u001b[39m=\u001b[32m\"text-6xl font-black text-gray-900 tracking-tighter uppercase italic\"\u001b[39m\n    \u001b[36m>\u001b[39m\n      \u001b[0mLittle \u001b[0m\n      \u001b[36m<br />\u001b[39m\n      \u001b[0m \u001b[0m\n      \u001b[36m<span\u001b[39m\n        \u001b[33mclass\u001b[39m=\u001b[32m\"text-blue-500 not-italic\"\u001b[39m\n      \u001b[36m>\u001b[39m\n        \u001b[0mLuxe\u001b[0m\n      \u001b[36m</span>\u001b[39m\n    \u001b[36m</h2>\u001b[39m\n\n    Ignored nodes: comments, script, style\n    \u001b[36m<p\u001b[39m\n      \u001b[33mclass\u001b[39m=\u001b[32m\"text-gray-400 text-lg font-medium italic\"\u001b[39m\n    \u001b[36m>\u001b[39m\n      \u001b[0mUnlock early access to festive collections, birthday surprises, and personal shopping for your little ones.\u001b[0m\n    \u001b[36m</p>\u001b[39m\n\n    (If this is intentional, then use the `*AllBy*` variant of the query (like `queryAllByText`, `getAllByText`, or `findAllByText`)).\n\n    Ignored nodes: comments, script, style\n    \u001b[36m<body>\u001b[39m\n      \u001b[36m<div>\u001b[39m\n        \u001b[36m<div\u001b[39m\n          \u001b[33mclass\u001b[39m=\u001b[32m\"bg-white min-h-screen pb-32\"\u001b[39m\n        \u001b[36m>\u001b[39m\n          \u001b[36m<section\u001b[39m\n            \u001b[33mclass\u001b[39m=\u001b[32m\"relative h-[80vh] w-full mt-20 overflow-hidden bg-[#F8F9FB] group\"\u001b[39m\n          \u001b[36m>\u001b[39m\n            \u001b[36m<img\u001b[39m\n              \u001b[33malt\u001b[39m=\u001b[32m\"Kids Collection\"\u001b[39m\n              \u001b[33mclass\u001b[39m=\u001b[32m\"object-cover scale-105 group-hover:scale-100 transition-transform duration-[3s] ease-out\"\u001b[39m\n              \u001b[33msrc\u001b[39m=\u001b[32m\"https://images.pexels.com/photos/1619697/pexels-photo-1619697.jpeg?auto=format&fit=crop&w=1920&q=80\"\u001b[39m\n            \u001b[36m/>\u001b[39m\n            \u001b[36m<div\u001b[39m\n              \u001b[33mclass\u001b[39m=\u001b[32m\"absolute inset-0 bg-gradient-to-r from-white via-white/40 to-transparent\"\u001b[39m\n            \u001b[36m/>\u001b[39m\n            \u001b[36m<div\u001b[39m\n              \u001b[33mclass\u001b[39m=\u001b[32m\"absolute inset-x-0 top-0 h-40 bg-gradient-to-b from-black/60 via-black/10 to-transparent pointer-events-none\"\u001b[39m\n            \u001b[36m/>\u001b[39m\n            \u001b[36m<div\u001b[39m\n              \u001b[33mclass\u001b[39m=\u001b[32m\"relative h-full max-w-7xl mx-auto px-4 sm:px-6 lg:px-8 flex flex-col justify-center\"\u001b[39m\n            \u001b[36m>\u001b[39m\n              \u001b[36m<div\u001b[39m\n                \u001b[33mclass\u001b[39m=\u001b[32m\"max-w-xl space-y-10 animate-fade-in\"\u001b[39m\n              \u001b[36m>\u001b[39m\n                \u001b[36m<div\u001b[39m\n                  \u001b[33mclass\u001b[39m=\u001b[32m\"flex items-center gap-3\"\u001b[39m\n                \u001b[36m>\u001b[39m\n                  \u001b[36m<svg\u001b[39m\n                    \u001b[33maria-hidden\u001b[39m=\u001b[32m\"true\"\u001b[39m\n                    \u001b[33mclass\u001b[39m=\u001b[32m\"lucide lucide-heart w-5 h-5 text-pink-500 fill-current\"\u001b[39m\n                    \u001b[33mfill\u001b[39m=\u001b[32m\"none\"\u001b[39m\n                    \u001b[33mheight\u001b[39m=\u001b[32m\"24\"\u001b[39m\n                    \u001b[33mstroke\u001b[39m=\u001b[32m\"currentColor\"\u001b[39m\n                    \u001b[33mstroke-linecap\u001b[39m=\u001b[32m\"round\"\u001b[39m\n                    \u001b[33mstroke-linejoin\u001b[39m=\u001b[32m\"round\"\u001b[39m\n                    \u001b[33mstroke-width\u001b[39m=\u001b[32m\"2\"\u001b[39m\n                    \u001b[33mviewBox\u001b[39m=\u001b[32m\"0 0 24 24\"\u001b[39m\n                    \u001b[33mwidth\u001b[39m=\u001b[32m\"24\"\u001b[39m\n                    \u001b[33mxmlns\u001b[39m=\u001b[32m\"http://www.w3.org/2000/svg\"\u001b[39m\n                  \u001b[36m>\u001b[39m\n                    \u001b[36m<path\u001b[39m\n                      \u001b[33md\u001b[39m=\u001b[32m\"M2 9.5a5.5 5.5 0 0 1 9.591-3.676.56.56 0 0 0 .818 0A5.49 5.49 0 0 1 22 9.5c0 2.29-1.5 4-3 5.5l-5.492 5.313a2 2 0 0 1-3 .019L5 15c-1.5-1.5-3-3.2-3-5.5\"\u001b[39m\n                    \u001b[36m/>\u001b[39m\n                  \u001b[36m</svg>\u001b[39m\n                  \u001b[36m<span\u001b[39m\n                    \u001b[33mclass\u001b[39m=\u001b[32m\"text-[10px] font-black uppercase tracking-[0.5em] text-gray-900\"\u001b[39m\n                  \u001b[36m>\u001b[39m\n                    \u001b[0mWonder & Whimsy\u001b[0m\n                  \u001b[36m</span>\u001b[39m\n                \u001b[36m</div>\u001b[39m\n                \u001b[36m<h1\u001b[39m\n                  \u001b[33mclass\u001b[39m=\u001b[32m\"text-7xl md:text-9xl font-black text-gray-900 leading-[0.85] tracking-tighter uppercase italic\"\u001b[39m\n                \u001b[36m>\u001b[39m\n                  \u001b[0mLittle \u001b[0m\n                  \u001b[36m<br />\u001b[39m\n                  \u001b[36m<span\u001b[39m\n                    \u001b[33mclass\u001b[39m=\u001b[32m\"text-transparent bg-clip-text bg-gradient-to-r from-blue-500 to-pink-500 not-italic\"\u001b[39m\n                  \u001b[36m>\u001b[39m\n                    \u001b[0mIcons\u001b[0m\n                  \u001b[36m</span>\u001b[39m\n                \u001b[36m</h1>\u001b[39m\n                \u001b[36m<p\u001b[39m\n                  \u001b[33mclass\u001b[39m=\u001b[32m\"text-gray-500 text-lg font-medium max-w-md leading-relaxed border-l-4 border-pink-500 pl-6 py-4 bg-white/40 backdrop-blur-md rounded-r-2xl\"\u001b[39m\n                \u001b[36m>\u001b[39m\n                  \u001b[0mWhere comfort meets couture for the next generation of style. Discover a world of vibrant imagination and premium play.\u001b[0m\n                \u001b[36m</p>\u001b[39m\n                \u001b[36m<div\u001b[39m\n                  \u001b[33mclass\u001b[39m=\u001b[32m\"flex gap-6 pt-4\"\u001b[39m\n                \u001b[36m>\u001b[39m\n                  \u001b[36m<button\u001b[39m\n                    \u001b[33mclass\u001b[39m=\u001b[32m\"bg-gray-900 hover:bg-black text-white px-10 py-5 rounded-full font-black text-[10px] uppercase tracking-widest shadow-2xl transition-all active:scale-95 group/btn flex items-center gap-2\"\u001b[39m\n                  \u001b[36m>\u001b[39m\n                    \u001b[0mBROWSE JUNIOR\u001b[0m\n                    \u001b[36m<svg\u001b[39m\n                      \u001b[33maria-hidden\u001b[39m=\u001b[32m\"true\"\u001b[39m\n                      \u001b[33mclass\u001b[39m=\u001b[32m\"lucide lucide-arrow-right w-4 h-4 group-hover/btn:translate-x-2 transition-transform\"\u001b[39m\n                      \u001b[33mfill\u001b[39m=\u001b[32m\"none\"\u001b[39m\n                      \u001b[33mheight\u001b[39m=\u001b[32m\"24\"\u001b[39m\n                      \u001b[33mstroke\u001b[39m=\u001b[32m\"currentColor\"\u001b[39m\n                      \u001b[33mstroke-linecap\u001b[39m=\u001b[32m\"round\"\u001b[39m\n                      \u001b[33mstroke-linejoin\u001b[39m=\u001b[32m\"round\"\u001b[39m\n                      \u001b[33mstroke-width\u001b[39m=\u001b[32m\"2\"\u001b[39m\n                      \u001b[33mviewBox\u001b[39m=\u001b[32m\"0 0 24 24\"\u001b[39m\n                      \u001b[33mwidth\u001b[39m=\u001b[32m\"24\"\u001b[39m\n                      \u001b[33mxmlns\u001b[39m=\u001b[32m\"http://www.w3.org/2000/svg\"\u001b[39m\n                    \u001b[36m>\u001b[39m\n                      \u001b[36m<path\u001b[39m\n                        \u001b[33md\u001b[39m=\u001b[32m\"M5 12h14\"\u001b[39m\n                      \u001b[36m/>\u001b[39m\n                      \u001b[36m<path\u001b[39m\n                        \u001b[33md\u001b[39m=\u001b[32m\"m12 5 7 7-7 7\"\u001b[39m\n                      \u001b[36m/>\u001b[39m\n                    \u001b[36m</svg>\u001b[39m\n                  \u001b[36m</button>\u001b[39m\n                \u001b[36m</div>\u001b[39m\n              \u001b[36m</div>\u001b[39m\n            \u001b[36m</div>\u001b[39m\n            \u001b[36m<div\u001b[39m\n              \u001b[33mclass\u001b[39m=\u001b[32m\"absolute bottom-12 right-12 hidden md:block animate-fade-in\"\u001b[39m\n              \u001b[33mstyle\u001b[39m=\u001b[32m\"animation-delay: 1s;\"\u001b[39m\n            \u001b[36m>\u001b[39m\n              \u001b[36m<div\u001b[39m\n                \u001b[33mclass\u001b[39m=\u001b[32m\"bg-white/60 backdrop-blur-md border border-white/40 p-10 rounded-[48px] shadow-2xl shadow-blue-500/5\"\u001b[39m\n              \u001b[36m>\u001b[39m\n                \u001b[36m<div\u001b[39m\n                  \u001b[33mclass\u001b[39m=\u001b[32m\"space-y-4\"\u001b[39m\n                \u001b[36m>\u001b[39m\n                  \u001b[36m<div\u001b[39m\n                    \u001b[33mclass\u001b[39m=\u001b[32m\"flex items-center gap-4\"\u001b[39m\n                  \u001b[36m>\u001b[39m\n                    \u001b[36m<div\u001b[39m\n                      \u001b[33mclass\u001b[39m=\u001b[32m\"w-10 h-10 rounded-full bg-blue-500 flex items-center justify-center\"\u001b[39m\n                    \u001b[36m>\u001b[39m\n                      \u001b[36m<svg\u001b[39m\n                        \u001b[33maria-hidden\u001b[39m=\u001b[32m\"true\"\u001b[39m\n                        \u001b[33mclass\u001b[39m=\u001b[32m\"lucide lucide-star w-5 h-5 text-white fill-current\"\u001b[39m\n                        \u001b[33mfill\u001b[39m=\u001b[32m\"none\"\u001b[39m\n                        \u001b[33mheight\u001b[39m=\u001b[32m\"24\"\u001b[39m\n                        \u001b[33mstroke\u001b[39m=\u001b[32m\"currentColor\"\u001b[39m\n                        \u001b[33mstroke-linecap\u001b[39m=\u001b[32m\"round\"\u001b[39m\n                        \u001b[33mstroke-linejoin\u001b[39m=\u001b[32m\"round\"\u001b[39m\n                        \u001b[33mstroke-width\u001b[39m=\u001b[32m\"2\"\u001b[39m\n                        \u001b[33mviewBox\u001b[39m=\u001b[32m\"0 0 24 24\"\u001b[39m\n                        \u001b[33mwidth\u001b[39m=\u001b[32m\"24\"\u001b[39m\n                        \u001b[33mxmlns\u001b[39m=\u001b[32m\"http://www.w3.org/2000/svg\"\u001b[39m\n                      \u001b[36m>\u001b[39m\n                        \u001b[36m<path\u001b[39m\n                          \u001b[33md\u001b[39m=\u001b[32m\"M11.525 2.295a.53.53 0 0 1 .95 0l2.31 4.679a2.123 2.123 0 0 0 1.595 1.16l5.166.756a.53.53 0 0 1 .294.904l-3.736 3.638a2.123 2.123 0 0 0-.611 1.878l.882 5.14a.53.53 0 0 1-.771.56l-4.618-2.428a2.122 2.122 0 0 0-1.973 0L6.396 2...\n\n    \u001b[0m \u001b[90m 32 |\u001b[39m         ])\u001b[33m;\u001b[39m\n     \u001b[90m 33 |\u001b[39m         render(\u001b[33m<\u001b[39m\u001b[33mKidsLandingPage\u001b[39m \u001b[33m/\u001b[39m\u001b[33m>\u001b[39m)\u001b[33m;\u001b[39m\n    \u001b[31m\u001b[1m>\u001b[22m\u001b[39m\u001b[90m 34 |\u001b[39m         expect(screen\u001b[33m.\u001b[39mgetByText(\u001b[35m/Little/i\u001b[39m))\u001b[33m.\u001b[39mtoBeInTheDocument()\u001b[33m;\u001b[39m\n     \u001b[90m    |\u001b[39m                       \u001b[31m\u001b[1m^\u001b[22m\u001b[39m\n     \u001b[90m 35 |\u001b[39m         \u001b[36mawait\u001b[39m waitFor(() \u001b[33m=>\u001b[39m {\n     \u001b[90m 36 |\u001b[39m             expect(screen\u001b[33m.\u001b[39mgetByText(\u001b[32m'Kids Product'\u001b[39m))\u001b[33m.\u001b[39mtoBeInTheDocument()\u001b[33m;\u001b[39m\n     \u001b[90m 37 |\u001b[39m         })\u001b[33m;\u001b[39m\u001b[0m\n\n      at Object.getElementError (node_modules/@testing-library/dom/dist/config.js:37:19)\n      at getElementError (node_modules/@testing-library/dom/dist/query-helpers.js:20:35)\n      at getMultipleElementsFoundError (node_modules/@testing-library/dom/dist/query-helpers.js:23:10)\n      at node_modules/@testing-library/dom/dist/query-helpers.js:55:13\n      at node_modules/@testing-library/dom/dist/query-helpers.js:95:19\n      at Object.getByText (src/components/kids/tests/KidsLandingPage.test.js:34:23)\n","name":"D:\\mk_projects\\StyleNest\\frontend\\src\\components\\kids\\tests\\KidsLandingPage.test.js","startTime":1771219454730,"status":"failed","summary":""},{"assertionResults":[{"ancestorTitles":["HomeLivingLandingPage"],"duration":277,"failing":false,"failureDetails":[],"failureMessages":[],"fullName":"HomeLivingLandingPage renders landing page content","invocations":1,"location":null,"numPassingAsserts":2,"retryReasons":[],"startAt":1771219455649,"status":"passed","title":"renders landing page content"}],"endTime":1771219455937,"message":"","name":"D:\\mk_projects\\StyleNest\\frontend\\src\\components\\home_living\\tests\\HomeLivingLandingPage.test.js","startTime":1771219454712,"status":"passed","summary":""},{"assertionResults":[{"ancestorTitles":["AuthInit Component"],"duration":12,"failing":false,"failureDetails":[],"failureMessages":[],"fullName":"AuthInit Component renders without crashing","invocations":1,"location":null,"numPassingAsserts":0,"retryReasons":[],"startAt":1771219455939,"status":"passed","title":"renders without crashing"}],"endTime":1771219455951,"message":"","name":"D:\\mk_projects\\StyleNest\\frontend\\src\\components\\auth\\tests\\AuthInit.test.js","startTime":1771219455620,"status":"passed","summary":""},{"assertionResults":[{"ancestorTitles":["MenLandingPage"],"duration":295,"failing":false,"failureDetails":[],"failureMessages":[],"fullName":"MenLandingPage renders landing page content","invocations":1,"location":null,"numPassingAsserts":2,"retryReasons":[],"startAt":1771219455677,"status":"passed","title":"renders landing page content"}],"endTime":1771219455974,"message":"","name":"D:\\mk_projects\\StyleNest\\frontend\\src\\components\\men\\tests\\MenLandingPage.test.js","startTime":1771219454713,"status":"passed","summary":""},{"assertionResults":[{"ancestorTitles":["BeautyLandingPage"],"duration":279,"failing":false,"failureDetails":[],"failureMessages":[],"fullName":"BeautyLandingPage renders landing page content","invocations":1,"location":null,"numPassingAsserts":2,"retryReasons":[],"startAt":1771219455718,"status":"passed","title":"renders landing page content"}],"endTime":1771219455999,"message":"","name":"D:\\mk_projects\\StyleNest\\frontend\\src\\components\\beauty\\tests\\BeautyLandingPage.test.js","startTime":1771219454772,"status":"passed","summary":""},{"assertionResults":[{"ancestorTitles":["Button Component"],"duration":10,"failing":false,"failureDetails":[],"failureMessages":[],"fullName":"Button Component renders button with children","invocations":1,"location":null,"numPassingAsserts":1,"retryReasons":[],"startAt":1771219455992,"status":"passed","title":"renders button with children"},{"ancestorTitles":["Button Component"],"duration":3,"failing":false,"failureDetails":[],"failureMessages":[],"fullName":"Button Component applies custom className","invocations":1,"location":null,"numPassingAsserts":1,"retryReasons":[],"startAt":1771219456002,"status":"passed","title":"applies custom className"}],"endTime":1771219456005,"message":"","name":"D:\\mk_projects\\StyleNest\\frontend\\src\\components\\ui\\tests\\Button.test.js","startTime":1771219455785,"status":"passed","summary":""},{"assertionResults":[{"ancestorTitles":["FilterSidebar Component"],"duration":75,"failing":false,"failureDetails":[],"failureMessages":[],"fullName":"FilterSidebar Component renders category filters","invocations":1,"location":null,"numPassingAsserts":1,"retryReasons":[],"startAt":1771219455940,"status":"passed","title":"renders category filters"}],"endTime":1771219456017,"message":"","name":"D:\\mk_projects\\StyleNest\\frontend\\src\\components\\product\\tests\\FilterSidebar.test.js","startTime":1771219454847,"status":"passed","summary":""},{"assertionResults":[{"ancestorTitles":["CategoryShowcase Component"],"duration":13,"failing":false,"failureDetails":[],"failureMessages":[],"fullName":"CategoryShowcase Component renders category sections","invocations":1,"location":null,"numPassingAsserts":1,"retryReasons":[],"startAt":1771219456040,"status":"passed","title":"renders category sections"}],"endTime":1771219456054,"message":"","name":"D:\\mk_projects\\StyleNest\\frontend\\src\\components\\home\\tests\\CategoryShowcase.test.js","startTime":1771219455828,"status":"passed","summary":""}],"wasInterrupted":false}
